04:23:49 [94mTRACE[0m [90mdiscord-rest_ratelimit.c:252:[0m [DISCORD_RATELIMIT] [null] Couldn't match known buckets to ':1:users:@me'
04:23:50 [36mDEBUG[0m [90mdiscord-rest_ratelimit.c:301:[0m [DISCORD_RATELIMIT] [78bb] Match ':1:users:@me' to bucket
04:23:50 [36mDEBUG[0m [90mdiscord-rest_ratelimit.c:357:[0m [DISCORD_RATELIMIT] [78bb] Remaining = 999 | Reset = 1714785830320
04:23:50 [94mTRACE[0m [90mdiscord-rest_ratelimit.c:252:[0m [DISCORD_RATELIMIT] [null] Couldn't match known buckets to ':1:gateway:bot'
04:23:50 [36mDEBUG[0m [90mdiscord-rest_ratelimit.c:301:[0m [DISCORD_RATELIMIT] [41f9] Match ':1:gateway:bot' to bucket
04:23:50 [36mDEBUG[0m [90mdiscord-rest_ratelimit.c:357:[0m [DISCORD_RATELIMIT] [41f9] Remaining = 1 | Reset = 1714785835616
04:23:51 [32mINFO [0m [90mdiscord-gateway.c:337:[0m [DISCORD_GATEWAY] Connected, WS-Protocols: ''
04:23:51 [94mTRACE[0m [90mdiscord-gateway.c:476:[0m [DISCORD_GATEWAY] [93mRCV[0m DISCORD_GATEWAY_HELLO (124 bytes) [@@@_6_@@@]
04:23:51 [32mINFO [0m [90mdiscord-gateway_dispatch.c:171:[0m [DISCORD_GATEWAY] [92mSEND[0m IDENTIFY (308 bytes) [@@@_7_@@@]
04:23:51 [94mTRACE[0m [90mdiscord-gateway.c:476:[0m [DISCORD_GATEWAY] [93mRCV[0m DISCORD_GATEWAY_DISPATCH -> READY (2098 bytes) [@@@_8_@@@]
04:23:51 [32mINFO [0m [90mdiscord-gateway.c:210:[0m [DISCORD_GATEWAY] Successfully started a Discord session!
04:23:51 [32mINFO [0m [90mdiscord-gateway_dispatch.c:269:[0m [DISCORD_GATEWAY] [92mSEND[0m HEARTBEAT (14 bytes) [@@@_9_@@@]
04:23:51 [32mINFO [0m [90mdiscord-refcount.c:234:[0m [DISCORD_REFCOUNT] Adding concord's internal resource 0xa0022d200
04:23:51 [32mINFO [0m [90mdiscord-refcount.c:169:[0m [DISCORD_REFCOUNT] Fully decremented and free'd 0xa0022d200
04:23:51 [94mTRACE[0m [90mdiscord-gateway.c:476:[0m [DISCORD_GATEWAY] [93mRCV[0m DISCORD_GATEWAY_HEARTBEAT_ACK (36 bytes) [@@@_10_@@@]
04:23:51 [94mTRACE[0m [90mdiscord-gateway.c:324:[0m [DISCORD_GATEWAY] PING: 189 ms
04:23:57 [94mTRACE[0m [90mdiscord-gateway.c:476:[0m [DISCORD_GATEWAY] [93mRCV[0m DISCORD_GATEWAY_DISPATCH -> MESSAGE_UPDATE (1212 bytes) [@@@_11_@@@]
04:24:26 [94mTRACE[0m [90mdiscord-gateway.c:476:[0m [DISCORD_GATEWAY] [93mRCV[0m DISCORD_GATEWAY_DISPATCH -> MESSAGE_CREATE (1028 bytes) [@@@_12_@@@]
04:24:26 [32mINFO [0m [90mdiscord-refcount.c:234:[0m [DISCORD_REFCOUNT] Adding concord's internal resource 0xa0022d200
04:24:26 [32mINFO [0m [90mdiscord-refcount.c:169:[0m [DISCORD_REFCOUNT] Fully decremented and free'd 0xa0022d200
04:24:28 [94mTRACE[0m [90mdiscord-gateway.c:476:[0m [DISCORD_GATEWAY] [93mRCV[0m DISCORD_GATEWAY_DISPATCH -> MESSAGE_UPDATE (1212 bytes) [@@@_13_@@@]
04:24:32 [32mINFO [0m [90mdiscord-gateway_dispatch.c:269:[0m [DISCORD_GATEWAY] [92mSEND[0m HEARTBEAT (14 bytes) [@@@_14_@@@]
04:24:33 [94mTRACE[0m [90mdiscord-gateway.c:476:[0m [DISCORD_GATEWAY] [93mRCV[0m DISCORD_GATEWAY_HEARTBEAT_ACK (36 bytes) [@@@_15_@@@]
04:24:33 [94mTRACE[0m [90mdiscord-gateway.c:324:[0m [DISCORD_GATEWAY] PING: 215 ms
04:24:51 [94mTRACE[0m [90mdiscord-gateway.c:476:[0m [DISCORD_GATEWAY] [93mRCV[0m DISCORD_GATEWAY_DISPATCH -> MESSAGE_CREATE (1159 bytes) [@@@_16_@@@]
04:24:51 [32mINFO [0m [90mdiscord-refcount.c:234:[0m [DISCORD_REFCOUNT] Adding concord's internal resource 0xa0022d390
04:24:51 [32mINFO [0m [90mdiscord-refcount.c:169:[0m [DISCORD_REFCOUNT] Fully decremented and free'd 0xa0022d390
04:24:51 [94mTRACE[0m [90mdiscord-rest_ratelimit.c:252:[0m [DISCORD_RATELIMIT] [null] Couldn't match known buckets to ':2:channels:1133570951456505929:messages'
04:24:51 [94mTRACE[0m [90mdiscord-gateway.c:476:[0m [DISCORD_GATEWAY] [93mRCV[0m DISCORD_GATEWAY_DISPATCH -> MESSAGE_CREATE (849 bytes) [@@@_18_@@@]
04:24:51 [36mDEBUG[0m [90mdiscord-rest_ratelimit.c:301:[0m [DISCORD_RATELIMIT] [3df1] Match ':2:channels:1133570951456505929:messages' to bucket
04:24:51 [36mDEBUG[0m [90mdiscord-rest_ratelimit.c:357:[0m [DISCORD_RATELIMIT] [3df1] Remaining = 4 | Reset = 1714785892338
04:24:51 [32mINFO [0m [90mdiscord-refcount.c:234:[0m [DISCORD_REFCOUNT] Adding concord's internal resource 0xa000edac0
04:24:51 [32mINFO [0m [90mdiscord-refcount.c:169:[0m [DISCORD_REFCOUNT] Fully decremented and free'd 0xa000edac0
04:24:57 [94mTRACE[0m [90mdiscord-gateway.c:476:[0m [DISCORD_GATEWAY] [93mRCV[0m DISCORD_GATEWAY_DISPATCH -> MESSAGE_UPDATE (1212 bytes) [@@@_20_@@@]
04:25:14 [32mINFO [0m [90mdiscord-gateway_dispatch.c:269:[0m [DISCORD_GATEWAY] [92mSEND[0m HEARTBEAT (14 bytes) [@@@_21_@@@]
04:25:14 [94mTRACE[0m [90mdiscord-gateway.c:476:[0m [DISCORD_GATEWAY] [93mRCV[0m DISCORD_GATEWAY_HEARTBEAT_ACK (36 bytes) [@@@_22_@@@]
04:25:14 [94mTRACE[0m [90mdiscord-gateway.c:324:[0m [DISCORD_GATEWAY] PING: 227 ms
04:25:21 [94mTRACE[0m [90mdiscord-gateway.c:476:[0m [DISCORD_GATEWAY] [93mRCV[0m DISCORD_GATEWAY_DISPATCH -> MESSAGE_CREATE (971 bytes) [@@@_23_@@@]
04:25:21 [32mINFO [0m [90mdiscord-refcount.c:234:[0m [DISCORD_REFCOUNT] Adding concord's internal resource 0xa000edac0
04:25:21 [32mINFO [0m [90mdiscord-refcount.c:169:[0m [DISCORD_REFCOUNT] Fully decremented and free'd 0xa000edac0
04:25:27 [94mTRACE[0m [90mdiscord-gateway.c:476:[0m [DISCORD_GATEWAY] [93mRCV[0m DISCORD_GATEWAY_DISPATCH -> MESSAGE_UPDATE (1212 bytes) [@@@_24_@@@]
04:25:33 [94mTRACE[0m [90mdiscord-gateway.c:476:[0m [DISCORD_GATEWAY] [93mRCV[0m DISCORD_GATEWAY_DISPATCH -> MESSAGE_CREATE (1198 bytes) [@@@_25_@@@]
04:25:33 [32mINFO [0m [90mdiscord-refcount.c:234:[0m [DISCORD_REFCOUNT] Adding concord's internal resource 0xa0021cf80
04:25:33 [32mINFO [0m [90mdiscord-refcount.c:169:[0m [DISCORD_REFCOUNT] Fully decremented and free'd 0xa0021cf80
04:25:55 [32mINFO [0m [90mdiscord-gateway_dispatch.c:269:[0m [DISCORD_GATEWAY] [92mSEND[0m HEARTBEAT (15 bytes) [@@@_26_@@@]
04:25:55 [94mTRACE[0m [90mdiscord-gateway.c:476:[0m [DISCORD_GATEWAY] [93mRCV[0m DISCORD_GATEWAY_HEARTBEAT_ACK (36 bytes) [@@@_27_@@@]
04:25:55 [94mTRACE[0m [90mdiscord-gateway.c:324:[0m [DISCORD_GATEWAY] PING: 175 ms
04:25:57 [94mTRACE[0m [90mdiscord-gateway.c:476:[0m [DISCORD_GATEWAY] [93mRCV[0m DISCORD_GATEWAY_DISPATCH -> MESSAGE_UPDATE (1213 bytes) [@@@_28_@@@]
04:26:09 [94mTRACE[0m [90mdiscord-gateway.c:476:[0m [DISCORD_GATEWAY] [93mRCV[0m DISCORD_GATEWAY_DISPATCH -> MESSAGE_CREATE (977 bytes) [@@@_29_@@@]
04:26:09 [32mINFO [0m [90mdiscord-refcount.c:234:[0m [DISCORD_REFCOUNT] Adding concord's internal resource 0xa000edac0
04:26:09 [32mINFO [0m [90mdiscord-refcount.c:169:[0m [DISCORD_REFCOUNT] Fully decremented and free'd 0xa000edac0
04:26:27 [94mTRACE[0m [90mdiscord-gateway.c:476:[0m [DISCORD_GATEWAY] [93mRCV[0m DISCORD_GATEWAY_DISPATCH -> MESSAGE_UPDATE (1213 bytes) [@@@_30_@@@]
04:26:29 [94mTRACE[0m [90mdiscord-gateway.c:476:[0m [DISCORD_GATEWAY] [93mRCV[0m DISCORD_GATEWAY_DISPATCH -> MESSAGE_CREATE (1036 bytes) [@@@_31_@@@]
04:26:29 [32mINFO [0m [90mdiscord-refcount.c:234:[0m [DISCORD_REFCOUNT] Adding concord's internal resource 0xa000edac0
04:26:29 [32mINFO [0m [90mdiscord-refcount.c:169:[0m [DISCORD_REFCOUNT] Fully decremented and free'd 0xa000edac0
04:26:36 [32mINFO [0m [90mdiscord-gateway_dispatch.c:269:[0m [DISCORD_GATEWAY] [92mSEND[0m HEARTBEAT (15 bytes) [@@@_32_@@@]
04:26:36 [94mTRACE[0m [90mdiscord-gateway.c:476:[0m [DISCORD_GATEWAY] [93mRCV[0m DISCORD_GATEWAY_HEARTBEAT_ACK (36 bytes) [@@@_33_@@@]
04:26:36 [94mTRACE[0m [90mdiscord-gateway.c:324:[0m [DISCORD_GATEWAY] PING: 238 ms
04:26:39 [94mTRACE[0m [90mdiscord-gateway.c:476:[0m [DISCORD_GATEWAY] [93mRCV[0m DISCORD_GATEWAY_DISPATCH -> MESSAGE_CREATE (1038 bytes) [@@@_34_@@@]
04:26:39 [32mINFO [0m [90mdiscord-refcount.c:234:[0m [DISCORD_REFCOUNT] Adding concord's internal resource 0xa000edac0
04:26:39 [32mINFO [0m [90mdiscord-refcount.c:169:[0m [DISCORD_REFCOUNT] Fully decremented and free'd 0xa000edac0
04:26:58 [94mTRACE[0m [90mdiscord-gateway.c:476:[0m [DISCORD_GATEWAY] [93mRCV[0m DISCORD_GATEWAY_DISPATCH -> MESSAGE_UPDATE (1213 bytes) [@@@_35_@@@]
04:27:17 [32mINFO [0m [90mdiscord-gateway_dispatch.c:269:[0m [DISCORD_GATEWAY] [92mSEND[0m HEARTBEAT (15 bytes) [@@@_36_@@@]
04:27:18 [94mTRACE[0m [90mdiscord-gateway.c:476:[0m [DISCORD_GATEWAY] [93mRCV[0m DISCORD_GATEWAY_HEARTBEAT_ACK (36 bytes) [@@@_37_@@@]
04:27:18 [94mTRACE[0m [90mdiscord-gateway.c:324:[0m [DISCORD_GATEWAY] PING: 240 ms
04:27:28 [94mTRACE[0m [90mdiscord-gateway.c:476:[0m [DISCORD_GATEWAY] [93mRCV[0m DISCORD_GATEWAY_DISPATCH -> MESSAGE_UPDATE (1213 bytes) [@@@_38_@@@]
04:27:58 [94mTRACE[0m [90mdiscord-gateway.c:476:[0m [DISCORD_GATEWAY] [93mRCV[0m DISCORD_GATEWAY_DISPATCH -> MESSAGE_UPDATE (1213 bytes) [@@@_39_@@@]
04:27:59 [32mINFO [0m [90mdiscord-gateway_dispatch.c:269:[0m [DISCORD_GATEWAY] [92mSEND[0m HEARTBEAT (15 bytes) [@@@_40_@@@]
04:27:59 [94mTRACE[0m [90mdiscord-gateway.c:476:[0m [DISCORD_GATEWAY] [93mRCV[0m DISCORD_GATEWAY_HEARTBEAT_ACK (36 bytes) [@@@_41_@@@]
04:27:59 [94mTRACE[0m [90mdiscord-gateway.c:324:[0m [DISCORD_GATEWAY] PING: 180 ms
04:28:06 [94mTRACE[0m [90mdiscord-gateway.c:476:[0m [DISCORD_GATEWAY] [93mRCV[0m DISCORD_GATEWAY_DISPATCH -> MESSAGE_CREATE (959 bytes) [@@@_42_@@@]
04:28:06 [32mINFO [0m [90mdiscord-refcount.c:234:[0m [DISCORD_REFCOUNT] Adding concord's internal resource 0xa000edac0
04:28:06 [32mINFO [0m [90mdiscord-refcount.c:169:[0m [DISCORD_REFCOUNT] Fully decremented and free'd 0xa000edac0
04:28:28 [94mTRACE[0m [90mdiscord-gateway.c:476:[0m [DISCORD_GATEWAY] [93mRCV[0m DISCORD_GATEWAY_DISPATCH -> MESSAGE_UPDATE (1213 bytes) [@@@_43_@@@]
04:28:40 [32mINFO [0m [90mdiscord-gateway_dispatch.c:269:[0m [DISCORD_GATEWAY] [92mSEND[0m HEARTBEAT (15 bytes) [@@@_44_@@@]
04:28:40 [94mTRACE[0m [90mdiscord-gateway.c:476:[0m [DISCORD_GATEWAY] [93mRCV[0m DISCORD_GATEWAY_HEARTBEAT_ACK (36 bytes) [@@@_45_@@@]
04:28:40 [94mTRACE[0m [90mdiscord-gateway.c:324:[0m [DISCORD_GATEWAY] PING: 176 ms
04:28:57 [94mTRACE[0m [90mdiscord-gateway.c:476:[0m [DISCORD_GATEWAY] [93mRCV[0m DISCORD_GATEWAY_DISPATCH -> MESSAGE_UPDATE (1213 bytes) [@@@_46_@@@]
04:29:07 [94mTRACE[0m [90mdiscord-gateway.c:476:[0m [DISCORD_GATEWAY] [93mRCV[0m DISCORD_GATEWAY_DISPATCH -> MESSAGE_CREATE (2244 bytes) [@@@_47_@@@]
04:29:07 [32mINFO [0m [90mdiscord-refcount.c:234:[0m [DISCORD_REFCOUNT] Adding concord's internal resource 0xa000edac0
04:29:07 [32mINFO [0m [90mdiscord-refcount.c:169:[0m [DISCORD_REFCOUNT] Fully decremented and free'd 0xa000edac0
04:29:21 [32mINFO [0m [90mdiscord-gateway_dispatch.c:269:[0m [DISCORD_GATEWAY] [92mSEND[0m HEARTBEAT (15 bytes) [@@@_48_@@@]
04:29:21 [94mTRACE[0m [90mdiscord-gateway.c:476:[0m [DISCORD_GATEWAY] [93mRCV[0m DISCORD_GATEWAY_HEARTBEAT_ACK (36 bytes) [@@@_49_@@@]
04:29:21 [94mTRACE[0m [90mdiscord-gateway.c:324:[0m [DISCORD_GATEWAY] PING: 281 ms
04:29:28 [94mTRACE[0m [90mdiscord-gateway.c:476:[0m [DISCORD_GATEWAY] [93mRCV[0m DISCORD_GATEWAY_DISPATCH -> MESSAGE_UPDATE (1213 bytes) [@@@_50_@@@]
04:29:57 [94mTRACE[0m [90mdiscord-gateway.c:476:[0m [DISCORD_GATEWAY] [93mRCV[0m DISCORD_GATEWAY_DISPATCH -> MESSAGE_UPDATE (1213 bytes) [@@@_51_@@@]
04:30:01 [94mTRACE[0m [90mdiscord-gateway.c:476:[0m [DISCORD_GATEWAY] [93mRCV[0m DISCORD_GATEWAY_DISPATCH -> MESSAGE_CREATE (1015 bytes) [@@@_52_@@@]
04:30:01 [32mINFO [0m [90mdiscord-refcount.c:234:[0m [DISCORD_REFCOUNT] Adding concord's internal resource 0xa000edac0
04:30:01 [32mINFO [0m [90mdiscord-refcount.c:169:[0m [DISCORD_REFCOUNT] Fully decremented and free'd 0xa000edac0
04:30:02 [32mINFO [0m [90mdiscord-gateway_dispatch.c:269:[0m [DISCORD_GATEWAY] [92mSEND[0m HEARTBEAT (15 bytes) [@@@_53_@@@]
04:30:03 [94mTRACE[0m [90mdiscord-gateway.c:476:[0m [DISCORD_GATEWAY] [93mRCV[0m DISCORD_GATEWAY_HEARTBEAT_ACK (36 bytes) [@@@_54_@@@]
04:30:03 [94mTRACE[0m [90mdiscord-gateway.c:324:[0m [DISCORD_GATEWAY] PING: 173 ms
04:30:28 [94mTRACE[0m [90mdiscord-gateway.c:476:[0m [DISCORD_GATEWAY] [93mRCV[0m DISCORD_GATEWAY_DISPATCH -> MESSAGE_UPDATE (1213 bytes) [@@@_55_@@@]
04:30:31 [94mTRACE[0m [90mdiscord-gateway.c:476:[0m [DISCORD_GATEWAY] [93mRCV[0m DISCORD_GATEWAY_DISPATCH -> MESSAGE_CREATE (2280 bytes) [@@@_56_@@@]
04:30:31 [32mINFO [0m [90mdiscord-refcount.c:234:[0m [DISCORD_REFCOUNT] Adding concord's internal resource 0xa000edac0
04:30:31 [32mINFO [0m [90mdiscord-refcount.c:169:[0m [DISCORD_REFCOUNT] Fully decremented and free'd 0xa000edac0
04:30:44 [32mINFO [0m [90mdiscord-gateway_dispatch.c:269:[0m [DISCORD_GATEWAY] [92mSEND[0m HEARTBEAT (15 bytes) [@@@_57_@@@]
04:30:44 [94mTRACE[0m [90mdiscord-gateway.c:476:[0m [DISCORD_GATEWAY] [93mRCV[0m DISCORD_GATEWAY_HEARTBEAT_ACK (36 bytes) [@@@_58_@@@]
04:30:44 [94mTRACE[0m [90mdiscord-gateway.c:324:[0m [DISCORD_GATEWAY] PING: 187 ms
04:30:51 [94mTRACE[0m [90mdiscord-gateway.c:476:[0m [DISCORD_GATEWAY] [93mRCV[0m DISCORD_GATEWAY_DISPATCH -> MESSAGE_CREATE (959 bytes) [@@@_59_@@@]
04:30:51 [32mINFO [0m [90mdiscord-refcount.c:234:[0m [DISCORD_REFCOUNT] Adding concord's internal resource 0xa000edac0
04:30:51 [32mINFO [0m [90mdiscord-refcount.c:169:[0m [DISCORD_REFCOUNT] Fully decremented and free'd 0xa000edac0
04:30:54 [94mTRACE[0m [90mdiscord-gateway.c:476:[0m [DISCORD_GATEWAY] [93mRCV[0m DISCORD_GATEWAY_DISPATCH -> MESSAGE_CREATE (1058 bytes) [@@@_60_@@@]
04:30:54 [32mINFO [0m [90mdiscord-refcount.c:234:[0m [DISCORD_REFCOUNT] Adding concord's internal resource 0xa000edac0
04:30:54 [32mINFO [0m [90mdiscord-refcount.c:169:[0m [DISCORD_REFCOUNT] Fully decremented and free'd 0xa000edac0
04:30:57 [94mTRACE[0m [90mdiscord-gateway.c:476:[0m [DISCORD_GATEWAY] [93mRCV[0m DISCORD_GATEWAY_DISPATCH -> MESSAGE_UPDATE (1213 bytes) [@@@_61_@@@]
04:31:25 [32mINFO [0m [90mdiscord-gateway_dispatch.c:269:[0m [DISCORD_GATEWAY] [92mSEND[0m HEARTBEAT (15 bytes) [@@@_62_@@@]
04:31:25 [94mTRACE[0m [90mdiscord-gateway.c:476:[0m [DISCORD_GATEWAY] [93mRCV[0m DISCORD_GATEWAY_HEARTBEAT_ACK (36 bytes) [@@@_63_@@@]
04:31:25 [94mTRACE[0m [90mdiscord-gateway.c:324:[0m [DISCORD_GATEWAY] PING: 191 ms
04:31:27 [94mTRACE[0m [90mdiscord-gateway.c:476:[0m [DISCORD_GATEWAY] [93mRCV[0m DISCORD_GATEWAY_DISPATCH -> MESSAGE_CREATE (1014 bytes) [@@@_64_@@@]
04:31:27 [32mINFO [0m [90mdiscord-refcount.c:234:[0m [DISCORD_REFCOUNT] Adding concord's internal resource 0xa000edac0
04:31:27 [32mINFO [0m [90mdiscord-refcount.c:169:[0m [DISCORD_REFCOUNT] Fully decremented and free'd 0xa000edac0
04:31:28 [94mTRACE[0m [90mdiscord-gateway.c:476:[0m [DISCORD_GATEWAY] [93mRCV[0m DISCORD_GATEWAY_DISPATCH -> MESSAGE_UPDATE (1213 bytes) [@@@_65_@@@]
04:31:36 [94mTRACE[0m [90mdiscord-gateway.c:476:[0m [DISCORD_GATEWAY] [93mRCV[0m DISCORD_GATEWAY_DISPATCH -> MESSAGE_CREATE (1018 bytes) [@@@_66_@@@]
04:31:36 [32mINFO [0m [90mdiscord-refcount.c:234:[0m [DISCORD_REFCOUNT] Adding concord's internal resource 0xa000edac0
04:31:36 [32mINFO [0m [90mdiscord-refcount.c:169:[0m [DISCORD_REFCOUNT] Fully decremented and free'd 0xa000edac0
04:31:51 [94mTRACE[0m [90mdiscord-gateway.c:476:[0m [DISCORD_GATEWAY] [93mRCV[0m DISCORD_GATEWAY_DISPATCH -> MESSAGE_CREATE (1023 bytes) [@@@_67_@@@]
04:31:51 [32mINFO [0m [90mdiscord-refcount.c:234:[0m [DISCORD_REFCOUNT] Adding concord's internal resource 0xa000edac0
04:31:51 [32mINFO [0m [90mdiscord-refcount.c:169:[0m [DISCORD_REFCOUNT] Fully decremented and free'd 0xa000edac0
04:31:58 [94mTRACE[0m [90mdiscord-gateway.c:476:[0m [DISCORD_GATEWAY] [93mRCV[0m DISCORD_GATEWAY_DISPATCH -> MESSAGE_UPDATE (1213 bytes) [@@@_68_@@@]
04:32:06 [32mINFO [0m [90mdiscord-gateway_dispatch.c:269:[0m [DISCORD_GATEWAY] [92mSEND[0m HEARTBEAT (15 bytes) [@@@_69_@@@]
04:32:06 [94mTRACE[0m [90mdiscord-gateway.c:476:[0m [DISCORD_GATEWAY] [93mRCV[0m DISCORD_GATEWAY_HEARTBEAT_ACK (36 bytes) [@@@_70_@@@]
04:32:06 [94mTRACE[0m [90mdiscord-gateway.c:324:[0m [DISCORD_GATEWAY] PING: 176 ms
04:32:27 [94mTRACE[0m [90mdiscord-gateway.c:476:[0m [DISCORD_GATEWAY] [93mRCV[0m DISCORD_GATEWAY_DISPATCH -> MESSAGE_UPDATE (1213 bytes) [@@@_71_@@@]
04:32:47 [32mINFO [0m [90mdiscord-gateway_dispatch.c:269:[0m [DISCORD_GATEWAY] [92mSEND[0m HEARTBEAT (15 bytes) [@@@_72_@@@]
04:32:48 [94mTRACE[0m [90mdiscord-gateway.c:476:[0m [DISCORD_GATEWAY] [93mRCV[0m DISCORD_GATEWAY_HEARTBEAT_ACK (36 bytes) [@@@_73_@@@]
04:32:48 [94mTRACE[0m [90mdiscord-gateway.c:324:[0m [DISCORD_GATEWAY] PING: 177 ms
04:32:57 [94mTRACE[0m [90mdiscord-gateway.c:476:[0m [DISCORD_GATEWAY] [93mRCV[0m DISCORD_GATEWAY_DISPATCH -> MESSAGE_UPDATE (1213 bytes) [@@@_74_@@@]
04:33:28 [94mTRACE[0m [90mdiscord-gateway.c:476:[0m [DISCORD_GATEWAY] [93mRCV[0m DISCORD_GATEWAY_DISPATCH -> MESSAGE_UPDATE (1213 bytes) [@@@_75_@@@]
04:33:29 [32mINFO [0m [90mdiscord-gateway_dispatch.c:269:[0m [DISCORD_GATEWAY] [92mSEND[0m HEARTBEAT (15 bytes) [@@@_76_@@@]
04:33:29 [94mTRACE[0m [90mdiscord-gateway.c:476:[0m [DISCORD_GATEWAY] [93mRCV[0m DISCORD_GATEWAY_HEARTBEAT_ACK (36 bytes) [@@@_77_@@@]
04:33:29 [94mTRACE[0m [90mdiscord-gateway.c:324:[0m [DISCORD_GATEWAY] PING: 178 ms
04:33:35 [94mTRACE[0m [90mdiscord-gateway.c:476:[0m [DISCORD_GATEWAY] [93mRCV[0m DISCORD_GATEWAY_DISPATCH -> MESSAGE_CREATE (1087 bytes) [@@@_78_@@@]
04:33:35 [32mINFO [0m [90mdiscord-refcount.c:234:[0m [DISCORD_REFCOUNT] Adding concord's internal resource 0xa000edac0
04:33:35 [32mINFO [0m [90mdiscord-refcount.c:169:[0m [DISCORD_REFCOUNT] Fully decremented and free'd 0xa000edac0
04:33:58 [94mTRACE[0m [90mdiscord-gateway.c:476:[0m [DISCORD_GATEWAY] [93mRCV[0m DISCORD_GATEWAY_DISPATCH -> MESSAGE_UPDATE (1213 bytes) [@@@_79_@@@]
04:34:10 [32mINFO [0m [90mdiscord-gateway_dispatch.c:269:[0m [DISCORD_GATEWAY] [92mSEND[0m HEARTBEAT (15 bytes) [@@@_80_@@@]
04:34:10 [94mTRACE[0m [90mdiscord-gateway.c:476:[0m [DISCORD_GATEWAY] [93mRCV[0m DISCORD_GATEWAY_HEARTBEAT_ACK (36 bytes) [@@@_81_@@@]
04:34:10 [94mTRACE[0m [90mdiscord-gateway.c:324:[0m [DISCORD_GATEWAY] PING: 184 ms
04:34:16 [94mTRACE[0m [90mdiscord-gateway.c:476:[0m [DISCORD_GATEWAY] [93mRCV[0m DISCORD_GATEWAY_DISPATCH -> MESSAGE_CREATE (1014 bytes) [@@@_82_@@@]
04:34:16 [32mINFO [0m [90mdiscord-refcount.c:234:[0m [DISCORD_REFCOUNT] Adding concord's internal resource 0xa000edac0
04:34:16 [32mINFO [0m [90mdiscord-refcount.c:169:[0m [DISCORD_REFCOUNT] Fully decremented and free'd 0xa000edac0
04:34:27 [94mTRACE[0m [90mdiscord-gateway.c:476:[0m [DISCORD_GATEWAY] [93mRCV[0m DISCORD_GATEWAY_DISPATCH -> MESSAGE_UPDATE (1213 bytes) [@@@_83_@@@]
04:34:32 [94mTRACE[0m [90mdiscord-gateway.c:476:[0m [DISCORD_GATEWAY] [93mRCV[0m DISCORD_GATEWAY_DISPATCH -> MESSAGE_CREATE (1041 bytes) [@@@_84_@@@]
04:34:32 [32mINFO [0m [90mdiscord-refcount.c:234:[0m [DISCORD_REFCOUNT] Adding concord's internal resource 0xa000edac0
04:34:32 [32mINFO [0m [90mdiscord-refcount.c:169:[0m [DISCORD_REFCOUNT] Fully decremented and free'd 0xa000edac0
04:34:42 [94mTRACE[0m [90mdiscord-gateway.c:476:[0m [DISCORD_GATEWAY] [93mRCV[0m DISCORD_GATEWAY_DISPATCH -> MESSAGE_CREATE (994 bytes) [@@@_85_@@@]
04:34:42 [32mINFO [0m [90mdiscord-refcount.c:234:[0m [DISCORD_REFCOUNT] Adding concord's internal resource 0xa000edac0
04:34:42 [32mINFO [0m [90mdiscord-refcount.c:169:[0m [DISCORD_REFCOUNT] Fully decremented and free'd 0xa000edac0
04:34:51 [32mINFO [0m [90mdiscord-gateway_dispatch.c:269:[0m [DISCORD_GATEWAY] [92mSEND[0m HEARTBEAT (15 bytes) [@@@_86_@@@]
04:34:51 [94mTRACE[0m [90mdiscord-gateway.c:476:[0m [DISCORD_GATEWAY] [93mRCV[0m DISCORD_GATEWAY_HEARTBEAT_ACK (36 bytes) [@@@_87_@@@]
04:34:51 [94mTRACE[0m [90mdiscord-gateway.c:324:[0m [DISCORD_GATEWAY] PING: 215 ms
04:34:57 [94mTRACE[0m [90mdiscord-gateway.c:476:[0m [DISCORD_GATEWAY] [93mRCV[0m DISCORD_GATEWAY_DISPATCH -> MESSAGE_UPDATE (1213 bytes) [@@@_88_@@@]
04:35:28 [94mTRACE[0m [90mdiscord-gateway.c:476:[0m [DISCORD_GATEWAY] [93mRCV[0m DISCORD_GATEWAY_DISPATCH -> MESSAGE_UPDATE (1213 bytes) [@@@_89_@@@]
04:35:33 [32mINFO [0m [90mdiscord-gateway_dispatch.c:269:[0m [DISCORD_GATEWAY] [92mSEND[0m HEARTBEAT (15 bytes) [@@@_90_@@@]
04:35:33 [94mTRACE[0m [90mdiscord-gateway.c:476:[0m [DISCORD_GATEWAY] [93mRCV[0m DISCORD_GATEWAY_HEARTBEAT_ACK (36 bytes) [@@@_91_@@@]
04:35:33 [94mTRACE[0m [90mdiscord-gateway.c:324:[0m [DISCORD_GATEWAY] PING: 257 ms
04:35:57 [94mTRACE[0m [90mdiscord-gateway.c:476:[0m [DISCORD_GATEWAY] [93mRCV[0m DISCORD_GATEWAY_DISPATCH -> MESSAGE_UPDATE (1213 bytes) [@@@_92_@@@]
04:36:14 [32mINFO [0m [90mdiscord-gateway_dispatch.c:269:[0m [DISCORD_GATEWAY] [92mSEND[0m HEARTBEAT (15 bytes) [@@@_93_@@@]
04:36:14 [94mTRACE[0m [90mdiscord-gateway.c:476:[0m [DISCORD_GATEWAY] [93mRCV[0m DISCORD_GATEWAY_HEARTBEAT_ACK (36 bytes) [@@@_94_@@@]
04:36:14 [94mTRACE[0m [90mdiscord-gateway.c:324:[0m [DISCORD_GATEWAY] PING: 262 ms
04:36:24 [94mTRACE[0m [90mdiscord-gateway.c:476:[0m [DISCORD_GATEWAY] [93mRCV[0m DISCORD_GATEWAY_DISPATCH -> MESSAGE_CREATE (958 bytes) [@@@_95_@@@]
04:36:24 [32mINFO [0m [90mdiscord-refcount.c:234:[0m [DISCORD_REFCOUNT] Adding concord's internal resource 0xa000edac0
04:36:24 [32mINFO [0m [90mdiscord-refcount.c:169:[0m [DISCORD_REFCOUNT] Fully decremented and free'd 0xa000edac0
04:36:28 [94mTRACE[0m [90mdiscord-gateway.c:476:[0m [DISCORD_GATEWAY] [93mRCV[0m DISCORD_GATEWAY_DISPATCH -> MESSAGE_UPDATE (1213 bytes) [@@@_96_@@@]
04:36:28 [94mTRACE[0m [90mdiscord-gateway.c:476:[0m [DISCORD_GATEWAY] [93mRCV[0m DISCORD_GATEWAY_DISPATCH -> MESSAGE_CREATE (958 bytes) [@@@_97_@@@]
04:36:28 [32mINFO [0m [90mdiscord-refcount.c:234:[0m [DISCORD_REFCOUNT] Adding concord's internal resource 0xa000edac0
04:36:28 [32mINFO [0m [90mdiscord-refcount.c:169:[0m [DISCORD_REFCOUNT] Fully decremented and free'd 0xa000edac0
04:36:39 [94mTRACE[0m [90mdiscord-gateway.c:476:[0m [DISCORD_GATEWAY] [93mRCV[0m DISCORD_GATEWAY_DISPATCH -> MESSAGE_CREATE (1029 bytes) [@@@_98_@@@]
04:36:39 [32mINFO [0m [90mdiscord-refcount.c:234:[0m [DISCORD_REFCOUNT] Adding concord's internal resource 0xa000edac0
04:36:39 [32mINFO [0m [90mdiscord-refcount.c:169:[0m [DISCORD_REFCOUNT] Fully decremented and free'd 0xa000edac0
04:36:50 [94mTRACE[0m [90mdiscord-gateway.c:476:[0m [DISCORD_GATEWAY] [93mRCV[0m DISCORD_GATEWAY_DISPATCH -> MESSAGE_CREATE (958 bytes) [@@@_99_@@@]
04:36:50 [32mINFO [0m [90mdiscord-refcount.c:234:[0m [DISCORD_REFCOUNT] Adding concord's internal resource 0xa000edac0
04:36:50 [32mINFO [0m [90mdiscord-refcount.c:169:[0m [DISCORD_REFCOUNT] Fully decremented and free'd 0xa000edac0
04:36:55 [32mINFO [0m [90mdiscord-gateway_dispatch.c:269:[0m [DISCORD_GATEWAY] [92mSEND[0m HEARTBEAT (15 bytes) [@@@_100_@@@]
04:36:55 [94mTRACE[0m [90mdiscord-gateway.c:476:[0m [DISCORD_GATEWAY] [93mRCV[0m DISCORD_GATEWAY_HEARTBEAT_ACK (36 bytes) [@@@_101_@@@]
04:36:55 [94mTRACE[0m [90mdiscord-gateway.c:324:[0m [DISCORD_GATEWAY] PING: 265 ms
04:36:57 [94mTRACE[0m [90mdiscord-gateway.c:476:[0m [DISCORD_GATEWAY] [93mRCV[0m DISCORD_GATEWAY_DISPATCH -> MESSAGE_UPDATE (1213 bytes) [@@@_102_@@@]
04:37:27 [94mTRACE[0m [90mdiscord-gateway.c:476:[0m [DISCORD_GATEWAY] [93mRCV[0m DISCORD_GATEWAY_DISPATCH -> MESSAGE_UPDATE (1213 bytes) [@@@_103_@@@]
04:37:36 [32mINFO [0m [90mdiscord-gateway_dispatch.c:269:[0m [DISCORD_GATEWAY] [92mSEND[0m HEARTBEAT (15 bytes) [@@@_104_@@@]
04:37:37 [94mTRACE[0m [90mdiscord-gateway.c:476:[0m [DISCORD_GATEWAY] [93mRCV[0m DISCORD_GATEWAY_HEARTBEAT_ACK (36 bytes) [@@@_105_@@@]
04:37:37 [94mTRACE[0m [90mdiscord-gateway.c:324:[0m [DISCORD_GATEWAY] PING: 284 ms
04:37:58 [94mTRACE[0m [90mdiscord-gateway.c:476:[0m [DISCORD_GATEWAY] [93mRCV[0m DISCORD_GATEWAY_DISPATCH -> MESSAGE_UPDATE (1213 bytes) [@@@_106_@@@]
04:38:18 [32mINFO [0m [90mdiscord-gateway_dispatch.c:269:[0m [DISCORD_GATEWAY] [92mSEND[0m HEARTBEAT (15 bytes) [@@@_107_@@@]
04:38:18 [94mTRACE[0m [90mdiscord-gateway.c:476:[0m [DISCORD_GATEWAY] [93mRCV[0m DISCORD_GATEWAY_HEARTBEAT_ACK (36 bytes) [@@@_108_@@@]
04:38:18 [94mTRACE[0m [90mdiscord-gateway.c:324:[0m [DISCORD_GATEWAY] PING: 177 ms
04:38:27 [94mTRACE[0m [90mdiscord-gateway.c:476:[0m [DISCORD_GATEWAY] [93mRCV[0m DISCORD_GATEWAY_DISPATCH -> MESSAGE_UPDATE (1213 bytes) [@@@_109_@@@]
04:38:58 [94mTRACE[0m [90mdiscord-gateway.c:476:[0m [DISCORD_GATEWAY] [93mRCV[0m DISCORD_GATEWAY_DISPATCH -> MESSAGE_UPDATE (1213 bytes) [@@@_110_@@@]
04:38:59 [32mINFO [0m [90mdiscord-gateway_dispatch.c:269:[0m [DISCORD_GATEWAY] [92mSEND[0m HEARTBEAT (15 bytes) [@@@_111_@@@]
04:38:59 [94mTRACE[0m [90mdiscord-gateway.c:476:[0m [DISCORD_GATEWAY] [93mRCV[0m DISCORD_GATEWAY_HEARTBEAT_ACK (36 bytes) [@@@_112_@@@]
04:38:59 [94mTRACE[0m [90mdiscord-gateway.c:324:[0m [DISCORD_GATEWAY] PING: 191 ms
04:39:27 [94mTRACE[0m [90mdiscord-gateway.c:476:[0m [DISCORD_GATEWAY] [93mRCV[0m DISCORD_GATEWAY_DISPATCH -> MESSAGE_UPDATE (1213 bytes) [@@@_113_@@@]
04:39:40 [32mINFO [0m [90mdiscord-gateway_dispatch.c:269:[0m [DISCORD_GATEWAY] [92mSEND[0m HEARTBEAT (15 bytes) [@@@_114_@@@]
04:39:40 [94mTRACE[0m [90mdiscord-gateway.c:476:[0m [DISCORD_GATEWAY] [93mRCV[0m DISCORD_GATEWAY_HEARTBEAT_ACK (36 bytes) [@@@_115_@@@]
04:39:40 [94mTRACE[0m [90mdiscord-gateway.c:324:[0m [DISCORD_GATEWAY] PING: 177 ms
04:39:57 [94mTRACE[0m [90mdiscord-gateway.c:476:[0m [DISCORD_GATEWAY] [93mRCV[0m DISCORD_GATEWAY_DISPATCH -> MESSAGE_UPDATE (1213 bytes) [@@@_116_@@@]
04:40:10 [94mTRACE[0m [90mdiscord-gateway.c:476:[0m [DISCORD_GATEWAY] [93mRCV[0m DISCORD_GATEWAY_DISPATCH -> MESSAGE_CREATE (958 bytes) [@@@_117_@@@]
04:40:10 [32mINFO [0m [90mdiscord-refcount.c:234:[0m [DISCORD_REFCOUNT] Adding concord's internal resource 0xa000edac0
04:40:10 [32mINFO [0m [90mdiscord-refcount.c:169:[0m [DISCORD_REFCOUNT] Fully decremented and free'd 0xa000edac0
04:40:18 [94mTRACE[0m [90mdiscord-gateway.c:476:[0m [DISCORD_GATEWAY] [93mRCV[0m DISCORD_GATEWAY_DISPATCH -> MESSAGE_CREATE (958 bytes) [@@@_118_@@@]
04:40:18 [32mINFO [0m [90mdiscord-refcount.c:234:[0m [DISCORD_REFCOUNT] Adding concord's internal resource 0xa000edac0
04:40:18 [32mINFO [0m [90mdiscord-refcount.c:169:[0m [DISCORD_REFCOUNT] Fully decremented and free'd 0xa000edac0
04:40:21 [32mINFO [0m [90mdiscord-gateway_dispatch.c:269:[0m [DISCORD_GATEWAY] [92mSEND[0m HEARTBEAT (15 bytes) [@@@_119_@@@]
04:40:22 [94mTRACE[0m [90mdiscord-gateway.c:476:[0m [DISCORD_GATEWAY] [93mRCV[0m DISCORD_GATEWAY_HEARTBEAT_ACK (36 bytes) [@@@_120_@@@]
04:40:22 [94mTRACE[0m [90mdiscord-gateway.c:324:[0m [DISCORD_GATEWAY] PING: 225 ms
04:40:27 [94mTRACE[0m [90mdiscord-gateway.c:476:[0m [DISCORD_GATEWAY] [93mRCV[0m DISCORD_GATEWAY_DISPATCH -> MESSAGE_UPDATE (1213 bytes) [@@@_121_@@@]
04:40:38 [94mTRACE[0m [90mdiscord-gateway.c:476:[0m [DISCORD_GATEWAY] [93mRCV[0m DISCORD_GATEWAY_DISPATCH -> MESSAGE_CREATE (1551 bytes) [@@@_122_@@@]
04:40:38 [32mINFO [0m [90mdiscord-refcount.c:234:[0m [DISCORD_REFCOUNT] Adding concord's internal resource 0xa000edac0
04:40:38 [32mINFO [0m [90mdiscord-refcount.c:169:[0m [DISCORD_REFCOUNT] Fully decremented and free'd 0xa000edac0
04:40:57 [94mTRACE[0m [90mdiscord-gateway.c:476:[0m [DISCORD_GATEWAY] [93mRCV[0m DISCORD_GATEWAY_DISPATCH -> MESSAGE_UPDATE (1213 bytes) [@@@_123_@@@]
04:41:03 [32mINFO [0m [90mdiscord-gateway_dispatch.c:269:[0m [DISCORD_GATEWAY] [92mSEND[0m HEARTBEAT (15 bytes) [@@@_124_@@@]
04:41:03 [94mTRACE[0m [90mdiscord-gateway.c:476:[0m [DISCORD_GATEWAY] [93mRCV[0m DISCORD_GATEWAY_HEARTBEAT_ACK (36 bytes) [@@@_125_@@@]
04:41:03 [94mTRACE[0m [90mdiscord-gateway.c:324:[0m [DISCORD_GATEWAY] PING: 239 ms
04:41:27 [94mTRACE[0m [90mdiscord-gateway.c:476:[0m [DISCORD_GATEWAY] [93mRCV[0m DISCORD_GATEWAY_DISPATCH -> MESSAGE_UPDATE (1213 bytes) [@@@_126_@@@]
04:41:44 [32mINFO [0m [90mdiscord-gateway_dispatch.c:269:[0m [DISCORD_GATEWAY] [92mSEND[0m HEARTBEAT (15 bytes) [@@@_127_@@@]
04:41:44 [94mTRACE[0m [90mdiscord-gateway.c:476:[0m [DISCORD_GATEWAY] [93mRCV[0m DISCORD_GATEWAY_HEARTBEAT_ACK (36 bytes) [@@@_128_@@@]
04:41:44 [94mTRACE[0m [90mdiscord-gateway.c:324:[0m [DISCORD_GATEWAY] PING: 212 ms
04:41:57 [94mTRACE[0m [90mdiscord-gateway.c:476:[0m [DISCORD_GATEWAY] [93mRCV[0m DISCORD_GATEWAY_DISPATCH -> MESSAGE_UPDATE (1213 bytes) [@@@_129_@@@]
04:42:11 [94mTRACE[0m [90mdiscord-gateway.c:476:[0m [DISCORD_GATEWAY] [93mRCV[0m DISCORD_GATEWAY_DISPATCH -> MESSAGE_CREATE (958 bytes) [@@@_130_@@@]
04:42:11 [32mINFO [0m [90mdiscord-refcount.c:234:[0m [DISCORD_REFCOUNT] Adding concord's internal resource 0xa000edac0
04:42:11 [32mINFO [0m [90mdiscord-refcount.c:169:[0m [DISCORD_REFCOUNT] Fully decremented and free'd 0xa000edac0
04:42:16 [94mTRACE[0m [90mdiscord-gateway.c:476:[0m [DISCORD_GATEWAY] [93mRCV[0m DISCORD_GATEWAY_DISPATCH -> MESSAGE_CREATE (958 bytes) [@@@_131_@@@]
04:42:16 [32mINFO [0m [90mdiscord-refcount.c:234:[0m [DISCORD_REFCOUNT] Adding concord's internal resource 0xa000edac0
04:42:16 [32mINFO [0m [90mdiscord-refcount.c:169:[0m [DISCORD_REFCOUNT] Fully decremented and free'd 0xa000edac0
04:42:25 [32mINFO [0m [90mdiscord-gateway_dispatch.c:269:[0m [DISCORD_GATEWAY] [92mSEND[0m HEARTBEAT (15 bytes) [@@@_132_@@@]
04:42:25 [94mTRACE[0m [90mdiscord-gateway.c:476:[0m [DISCORD_GATEWAY] [93mRCV[0m DISCORD_GATEWAY_HEARTBEAT_ACK (36 bytes) [@@@_133_@@@]
04:42:25 [94mTRACE[0m [90mdiscord-gateway.c:324:[0m [DISCORD_GATEWAY] PING: 173 ms
04:42:27 [94mTRACE[0m [90mdiscord-gateway.c:476:[0m [DISCORD_GATEWAY] [93mRCV[0m DISCORD_GATEWAY_DISPATCH -> MESSAGE_UPDATE (1213 bytes) [@@@_134_@@@]
04:42:57 [94mTRACE[0m [90mdiscord-gateway.c:476:[0m [DISCORD_GATEWAY] [93mRCV[0m DISCORD_GATEWAY_DISPATCH -> MESSAGE_UPDATE (1213 bytes) [@@@_135_@@@]
04:43:06 [32mINFO [0m [90mdiscord-gateway_dispatch.c:269:[0m [DISCORD_GATEWAY] [92mSEND[0m HEARTBEAT (15 bytes) [@@@_136_@@@]
04:43:07 [94mTRACE[0m [90mdiscord-gateway.c:476:[0m [DISCORD_GATEWAY] [93mRCV[0m DISCORD_GATEWAY_HEARTBEAT_ACK (36 bytes) [@@@_137_@@@]
04:43:07 [94mTRACE[0m [90mdiscord-gateway.c:324:[0m [DISCORD_GATEWAY] PING: 271 ms
04:43:27 [94mTRACE[0m [90mdiscord-gateway.c:476:[0m [DISCORD_GATEWAY] [93mRCV[0m DISCORD_GATEWAY_DISPATCH -> MESSAGE_UPDATE (1213 bytes) [@@@_138_@@@]
04:43:48 [32mINFO [0m [90mdiscord-gateway_dispatch.c:269:[0m [DISCORD_GATEWAY] [92mSEND[0m HEARTBEAT (15 bytes) [@@@_139_@@@]
04:43:48 [94mTRACE[0m [90mdiscord-gateway.c:476:[0m [DISCORD_GATEWAY] [93mRCV[0m DISCORD_GATEWAY_HEARTBEAT_ACK (36 bytes) [@@@_140_@@@]
04:43:48 [94mTRACE[0m [90mdiscord-gateway.c:324:[0m [DISCORD_GATEWAY] PING: 280 ms
04:43:58 [94mTRACE[0m [90mdiscord-gateway.c:476:[0m [DISCORD_GATEWAY] [93mRCV[0m DISCORD_GATEWAY_DISPATCH -> MESSAGE_UPDATE (1213 bytes) [@@@_141_@@@]
04:44:27 [94mTRACE[0m [90mdiscord-gateway.c:476:[0m [DISCORD_GATEWAY] [93mRCV[0m DISCORD_GATEWAY_DISPATCH -> MESSAGE_UPDATE (1213 bytes) [@@@_142_@@@]
04:44:29 [32mINFO [0m [90mdiscord-gateway_dispatch.c:269:[0m [DISCORD_GATEWAY] [92mSEND[0m HEARTBEAT (15 bytes) [@@@_143_@@@]
04:44:29 [94mTRACE[0m [90mdiscord-gateway.c:476:[0m [DISCORD_GATEWAY] [93mRCV[0m DISCORD_GATEWAY_HEARTBEAT_ACK (36 bytes) [@@@_144_@@@]
04:44:29 [94mTRACE[0m [90mdiscord-gateway.c:324:[0m [DISCORD_GATEWAY] PING: 293 ms
04:44:57 [94mTRACE[0m [90mdiscord-gateway.c:476:[0m [DISCORD_GATEWAY] [93mRCV[0m DISCORD_GATEWAY_DISPATCH -> MESSAGE_UPDATE (1213 bytes) [@@@_145_@@@]
04:45:10 [32mINFO [0m [90mdiscord-gateway_dispatch.c:269:[0m [DISCORD_GATEWAY] [92mSEND[0m HEARTBEAT (15 bytes) [@@@_146_@@@]
04:45:10 [94mTRACE[0m [90mdiscord-gateway.c:476:[0m [DISCORD_GATEWAY] [93mRCV[0m DISCORD_GATEWAY_HEARTBEAT_ACK (36 bytes) [@@@_147_@@@]
04:45:10 [94mTRACE[0m [90mdiscord-gateway.c:324:[0m [DISCORD_GATEWAY] PING: 185 ms
04:45:27 [94mTRACE[0m [90mdiscord-gateway.c:476:[0m [DISCORD_GATEWAY] [93mRCV[0m DISCORD_GATEWAY_DISPATCH -> MESSAGE_UPDATE (1213 bytes) [@@@_148_@@@]
04:45:51 [32mINFO [0m [90mdiscord-gateway_dispatch.c:269:[0m [DISCORD_GATEWAY] [92mSEND[0m HEARTBEAT (15 bytes) [@@@_149_@@@]
04:45:52 [94mTRACE[0m [90mdiscord-gateway.c:476:[0m [DISCORD_GATEWAY] [93mRCV[0m DISCORD_GATEWAY_HEARTBEAT_ACK (36 bytes) [@@@_150_@@@]
04:45:52 [94mTRACE[0m [90mdiscord-gateway.c:324:[0m [DISCORD_GATEWAY] PING: 199 ms
04:45:57 [94mTRACE[0m [90mdiscord-gateway.c:476:[0m [DISCORD_GATEWAY] [93mRCV[0m DISCORD_GATEWAY_DISPATCH -> MESSAGE_UPDATE (1213 bytes) [@@@_151_@@@]
04:46:27 [94mTRACE[0m [90mdiscord-gateway.c:476:[0m [DISCORD_GATEWAY] [93mRCV[0m DISCORD_GATEWAY_DISPATCH -> MESSAGE_UPDATE (1213 bytes) [@@@_152_@@@]
04:46:33 [32mINFO [0m [90mdiscord-gateway_dispatch.c:269:[0m [DISCORD_GATEWAY] [92mSEND[0m HEARTBEAT (15 bytes) [@@@_153_@@@]
04:46:33 [94mTRACE[0m [90mdiscord-gateway.c:476:[0m [DISCORD_GATEWAY] [93mRCV[0m DISCORD_GATEWAY_HEARTBEAT_ACK (36 bytes) [@@@_154_@@@]
04:46:33 [94mTRACE[0m [90mdiscord-gateway.c:324:[0m [DISCORD_GATEWAY] PING: 211 ms
04:46:37 [94mTRACE[0m [90mdiscord-gateway.c:476:[0m [DISCORD_GATEWAY] [93mRCV[0m DISCORD_GATEWAY_DISPATCH -> MESSAGE_CREATE (963 bytes) [@@@_155_@@@]
04:46:37 [32mINFO [0m [90mdiscord-refcount.c:234:[0m [DISCORD_REFCOUNT] Adding concord's internal resource 0xa000edac0
04:46:37 [32mINFO [0m [90mdiscord-refcount.c:169:[0m [DISCORD_REFCOUNT] Fully decremented and free'd 0xa000edac0
04:46:37 [94mTRACE[0m [90mdiscord-gateway.c:476:[0m [DISCORD_GATEWAY] [93mRCV[0m DISCORD_GATEWAY_DISPATCH -> MESSAGE_CREATE (1346 bytes) [@@@_156_@@@]
04:46:37 [32mINFO [0m [90mdiscord-refcount.c:234:[0m [DISCORD_REFCOUNT] Adding concord's internal resource 0xa000edac0
04:46:37 [32mINFO [0m [90mdiscord-refcount.c:169:[0m [DISCORD_REFCOUNT] Fully decremented and free'd 0xa000edac0
04:46:57 [94mTRACE[0m [90mdiscord-gateway.c:476:[0m [DISCORD_GATEWAY] [93mRCV[0m DISCORD_GATEWAY_DISPATCH -> MESSAGE_UPDATE (1213 bytes) [@@@_157_@@@]
04:47:14 [32mINFO [0m [90mdiscord-gateway_dispatch.c:269:[0m [DISCORD_GATEWAY] [92mSEND[0m HEARTBEAT (15 bytes) [@@@_158_@@@]
04:47:14 [94mTRACE[0m [90mdiscord-gateway.c:476:[0m [DISCORD_GATEWAY] [93mRCV[0m DISCORD_GATEWAY_HEARTBEAT_ACK (36 bytes) [@@@_159_@@@]
04:47:14 [94mTRACE[0m [90mdiscord-gateway.c:324:[0m [DISCORD_GATEWAY] PING: 218 ms
04:47:25 [94mTRACE[0m [90mdiscord-gateway.c:476:[0m [DISCORD_GATEWAY] [93mRCV[0m DISCORD_GATEWAY_DISPATCH -> MESSAGE_CREATE (963 bytes) [@@@_160_@@@]
04:47:25 [32mINFO [0m [90mdiscord-refcount.c:234:[0m [DISCORD_REFCOUNT] Adding concord's internal resource 0xa000edac0
04:47:25 [32mINFO [0m [90mdiscord-refcount.c:169:[0m [DISCORD_REFCOUNT] Fully decremented and free'd 0xa000edac0
04:47:27 [94mTRACE[0m [90mdiscord-gateway.c:476:[0m [DISCORD_GATEWAY] [93mRCV[0m DISCORD_GATEWAY_DISPATCH -> MESSAGE_UPDATE (1213 bytes) [@@@_161_@@@]
04:47:32 [94mTRACE[0m [90mdiscord-gateway.c:476:[0m [DISCORD_GATEWAY] [93mRCV[0m DISCORD_GATEWAY_DISPATCH -> MESSAGE_CREATE (963 bytes) [@@@_162_@@@]
04:47:32 [32mINFO [0m [90mdiscord-refcount.c:234:[0m [DISCORD_REFCOUNT] Adding concord's internal resource 0xa000edac0
04:47:32 [32mINFO [0m [90mdiscord-refcount.c:169:[0m [DISCORD_REFCOUNT] Fully decremented and free'd 0xa000edac0
04:47:33 [94mTRACE[0m [90mdiscord-gateway.c:476:[0m [DISCORD_GATEWAY] [93mRCV[0m DISCORD_GATEWAY_DISPATCH -> MESSAGE_CREATE (1326 bytes) [@@@_163_@@@]
04:47:33 [32mINFO [0m [90mdiscord-refcount.c:234:[0m [DISCORD_REFCOUNT] Adding concord's internal resource 0xa000edac0
04:47:33 [32mINFO [0m [90mdiscord-refcount.c:169:[0m [DISCORD_REFCOUNT] Fully decremented and free'd 0xa000edac0
04:47:50 [94mTRACE[0m [90mdiscord-gateway.c:476:[0m [DISCORD_GATEWAY] [93mRCV[0m DISCORD_GATEWAY_DISPATCH -> MESSAGE_CREATE (963 bytes) [@@@_164_@@@]
04:47:50 [32mINFO [0m [90mdiscord-refcount.c:234:[0m [DISCORD_REFCOUNT] Adding concord's internal resource 0xa000edac0
04:47:50 [32mINFO [0m [90mdiscord-refcount.c:169:[0m [DISCORD_REFCOUNT] Fully decremented and free'd 0xa000edac0
04:47:50 [94mTRACE[0m [90mdiscord-gateway.c:476:[0m [DISCORD_GATEWAY] [93mRCV[0m DISCORD_GATEWAY_DISPATCH -> MESSAGE_CREATE (1326 bytes) [@@@_165_@@@]
04:47:50 [32mINFO [0m [90mdiscord-refcount.c:234:[0m [DISCORD_REFCOUNT] Adding concord's internal resource 0xa000edac0
04:47:50 [32mINFO [0m [90mdiscord-refcount.c:169:[0m [DISCORD_REFCOUNT] Fully decremented and free'd 0xa000edac0
04:47:55 [32mINFO [0m [90mdiscord-gateway_dispatch.c:269:[0m [DISCORD_GATEWAY] [92mSEND[0m HEARTBEAT (15 bytes) [@@@_166_@@@]
04:47:55 [94mTRACE[0m [90mdiscord-gateway.c:476:[0m [DISCORD_GATEWAY] [93mRCV[0m DISCORD_GATEWAY_HEARTBEAT_ACK (36 bytes) [@@@_167_@@@]
04:47:55 [94mTRACE[0m [90mdiscord-gateway.c:324:[0m [DISCORD_GATEWAY] PING: 187 ms
04:47:57 [94mTRACE[0m [90mdiscord-gateway.c:476:[0m [DISCORD_GATEWAY] [93mRCV[0m DISCORD_GATEWAY_DISPATCH -> MESSAGE_UPDATE (1213 bytes) [@@@_168_@@@]
04:48:27 [94mTRACE[0m [90mdiscord-gateway.c:476:[0m [DISCORD_GATEWAY] [93mRCV[0m DISCORD_GATEWAY_DISPATCH -> MESSAGE_UPDATE (1213 bytes) [@@@_169_@@@]
04:48:36 [32mINFO [0m [90mdiscord-gateway_dispatch.c:269:[0m [DISCORD_GATEWAY] [92mSEND[0m HEARTBEAT (15 bytes) [@@@_170_@@@]
04:48:37 [94mTRACE[0m [90mdiscord-gateway.c:476:[0m [DISCORD_GATEWAY] [93mRCV[0m DISCORD_GATEWAY_HEARTBEAT_ACK (36 bytes) [@@@_171_@@@]
04:48:37 [94mTRACE[0m [90mdiscord-gateway.c:324:[0m [DISCORD_GATEWAY] PING: 223 ms
04:48:57 [94mTRACE[0m [90mdiscord-gateway.c:476:[0m [DISCORD_GATEWAY] [93mRCV[0m DISCORD_GATEWAY_DISPATCH -> MESSAGE_UPDATE (1213 bytes) [@@@_172_@@@]
04:49:08 [94mTRACE[0m [90mdiscord-gateway.c:476:[0m [DISCORD_GATEWAY] [93mRCV[0m DISCORD_GATEWAY_DISPATCH -> MESSAGE_CREATE (963 bytes) [@@@_173_@@@]
04:49:08 [32mINFO [0m [90mdiscord-refcount.c:234:[0m [DISCORD_REFCOUNT] Adding concord's internal resource 0xa000edac0
04:49:08 [32mINFO [0m [90mdiscord-refcount.c:169:[0m [DISCORD_REFCOUNT] Fully decremented and free'd 0xa000edac0
04:49:08 [94mTRACE[0m [90mdiscord-gateway.c:476:[0m [DISCORD_GATEWAY] [93mRCV[0m DISCORD_GATEWAY_DISPATCH -> MESSAGE_CREATE (1316 bytes) [@@@_174_@@@]
04:49:08 [32mINFO [0m [90mdiscord-refcount.c:234:[0m [DISCORD_REFCOUNT] Adding concord's internal resource 0xa000edac0
04:49:08 [32mINFO [0m [90mdiscord-refcount.c:169:[0m [DISCORD_REFCOUNT] Fully decremented and free'd 0xa000edac0
04:49:18 [32mINFO [0m [90mdiscord-gateway_dispatch.c:269:[0m [DISCORD_GATEWAY] [92mSEND[0m HEARTBEAT (15 bytes) [@@@_175_@@@]
04:49:18 [94mTRACE[0m [90mdiscord-gateway.c:476:[0m [DISCORD_GATEWAY] [93mRCV[0m DISCORD_GATEWAY_HEARTBEAT_ACK (36 bytes) [@@@_176_@@@]
04:49:18 [94mTRACE[0m [90mdiscord-gateway.c:324:[0m [DISCORD_GATEWAY] PING: 231 ms
04:49:28 [94mTRACE[0m [90mdiscord-gateway.c:476:[0m [DISCORD_GATEWAY] [93mRCV[0m DISCORD_GATEWAY_DISPATCH -> MESSAGE_UPDATE (1213 bytes) [@@@_177_@@@]
04:49:37 [94mTRACE[0m [90mdiscord-gateway.c:476:[0m [DISCORD_GATEWAY] [93mRCV[0m DISCORD_GATEWAY_DISPATCH -> MESSAGE_CREATE (956 bytes) [@@@_178_@@@]
04:49:37 [32mINFO [0m [90mdiscord-refcount.c:234:[0m [DISCORD_REFCOUNT] Adding concord's internal resource 0xa000edac0
04:49:37 [32mINFO [0m [90mdiscord-refcount.c:169:[0m [DISCORD_REFCOUNT] Fully decremented and free'd 0xa000edac0
04:49:38 [94mTRACE[0m [90mdiscord-gateway.c:476:[0m [DISCORD_GATEWAY] [93mRCV[0m DISCORD_GATEWAY_DISPATCH -> MESSAGE_CREATE (959 bytes) [@@@_179_@@@]
04:49:38 [32mINFO [0m [90mdiscord-refcount.c:234:[0m [DISCORD_REFCOUNT] Adding concord's internal resource 0xa000edac0
04:49:38 [32mINFO [0m [90mdiscord-refcount.c:169:[0m [DISCORD_REFCOUNT] Fully decremented and free'd 0xa000edac0
04:49:42 [94mTRACE[0m [90mdiscord-gateway.c:476:[0m [DISCORD_GATEWAY] [93mRCV[0m DISCORD_GATEWAY_DISPATCH -> MESSAGE_CREATE (963 bytes) [@@@_180_@@@]
04:49:42 [32mINFO [0m [90mdiscord-refcount.c:234:[0m [DISCORD_REFCOUNT] Adding concord's internal resource 0xa000edac0
04:49:42 [32mINFO [0m [90mdiscord-refcount.c:169:[0m [DISCORD_REFCOUNT] Fully decremented and free'd 0xa000edac0
04:49:58 [94mTRACE[0m [90mdiscord-gateway.c:476:[0m [DISCORD_GATEWAY] [93mRCV[0m DISCORD_GATEWAY_DISPATCH -> MESSAGE_UPDATE (1213 bytes) [@@@_181_@@@]
04:49:59 [32mINFO [0m [90mdiscord-gateway_dispatch.c:269:[0m [DISCORD_GATEWAY] [92mSEND[0m HEARTBEAT (15 bytes) [@@@_182_@@@]
04:49:59 [94mTRACE[0m [90mdiscord-gateway.c:476:[0m [DISCORD_GATEWAY] [93mRCV[0m DISCORD_GATEWAY_HEARTBEAT_ACK (36 bytes) [@@@_183_@@@]
04:49:59 [94mTRACE[0m [90mdiscord-gateway.c:324:[0m [DISCORD_GATEWAY] PING: 238 ms
04:50:27 [94mTRACE[0m [90mdiscord-gateway.c:476:[0m [DISCORD_GATEWAY] [93mRCV[0m DISCORD_GATEWAY_DISPATCH -> MESSAGE_UPDATE (1213 bytes) [@@@_184_@@@]
04:50:40 [32mINFO [0m [90mdiscord-gateway_dispatch.c:269:[0m [DISCORD_GATEWAY] [92mSEND[0m HEARTBEAT (15 bytes) [@@@_185_@@@]
04:50:40 [94mTRACE[0m [90mdiscord-gateway.c:476:[0m [DISCORD_GATEWAY] [93mRCV[0m DISCORD_GATEWAY_HEARTBEAT_ACK (36 bytes) [@@@_186_@@@]
04:50:40 [94mTRACE[0m [90mdiscord-gateway.c:324:[0m [DISCORD_GATEWAY] PING: 181 ms
04:50:57 [94mTRACE[0m [90mdiscord-gateway.c:476:[0m [DISCORD_GATEWAY] [93mRCV[0m DISCORD_GATEWAY_DISPATCH -> MESSAGE_UPDATE (1213 bytes) [@@@_187_@@@]
04:51:21 [32mINFO [0m [90mdiscord-gateway_dispatch.c:269:[0m [DISCORD_GATEWAY] [92mSEND[0m HEARTBEAT (15 bytes) [@@@_188_@@@]
04:51:22 [94mTRACE[0m [90mdiscord-gateway.c:476:[0m [DISCORD_GATEWAY] [93mRCV[0m DISCORD_GATEWAY_HEARTBEAT_ACK (36 bytes) [@@@_189_@@@]
04:51:22 [94mTRACE[0m [90mdiscord-gateway.c:324:[0m [DISCORD_GATEWAY] PING: 265 ms
04:51:28 [94mTRACE[0m [90mdiscord-gateway.c:476:[0m [DISCORD_GATEWAY] [93mRCV[0m DISCORD_GATEWAY_DISPATCH -> MESSAGE_UPDATE (1213 bytes) [@@@_190_@@@]
04:51:58 [94mTRACE[0m [90mdiscord-gateway.c:476:[0m [DISCORD_GATEWAY] [93mRCV[0m DISCORD_GATEWAY_DISPATCH -> MESSAGE_UPDATE (1214 bytes) [@@@_191_@@@]
04:52:03 [32mINFO [0m [90mdiscord-gateway_dispatch.c:269:[0m [DISCORD_GATEWAY] [92mSEND[0m HEARTBEAT (16 bytes) [@@@_192_@@@]
04:52:03 [94mTRACE[0m [90mdiscord-gateway.c:476:[0m [DISCORD_GATEWAY] [93mRCV[0m DISCORD_GATEWAY_HEARTBEAT_ACK (36 bytes) [@@@_193_@@@]
04:52:03 [94mTRACE[0m [90mdiscord-gateway.c:324:[0m [DISCORD_GATEWAY] PING: 203 ms
04:52:27 [94mTRACE[0m [90mdiscord-gateway.c:476:[0m [DISCORD_GATEWAY] [93mRCV[0m DISCORD_GATEWAY_DISPATCH -> MESSAGE_UPDATE (1214 bytes) [@@@_194_@@@]
04:52:44 [32mINFO [0m [90mdiscord-gateway_dispatch.c:269:[0m [DISCORD_GATEWAY] [92mSEND[0m HEARTBEAT (16 bytes) [@@@_195_@@@]
04:52:44 [94mTRACE[0m [90mdiscord-gateway.c:476:[0m [DISCORD_GATEWAY] [93mRCV[0m DISCORD_GATEWAY_HEARTBEAT_ACK (36 bytes) [@@@_196_@@@]
04:52:44 [94mTRACE[0m [90mdiscord-gateway.c:324:[0m [DISCORD_GATEWAY] PING: 278 ms
04:52:46 [94mTRACE[0m [90mdiscord-gateway.c:476:[0m [DISCORD_GATEWAY] [93mRCV[0m DISCORD_GATEWAY_DISPATCH -> MESSAGE_CREATE (964 bytes) [@@@_197_@@@]
04:52:46 [32mINFO [0m [90mdiscord-refcount.c:234:[0m [DISCORD_REFCOUNT] Adding concord's internal resource 0xa000edac0
04:52:46 [32mINFO [0m [90mdiscord-refcount.c:169:[0m [DISCORD_REFCOUNT] Fully decremented and free'd 0xa000edac0
04:52:47 [94mTRACE[0m [90mdiscord-gateway.c:476:[0m [DISCORD_GATEWAY] [93mRCV[0m DISCORD_GATEWAY_DISPATCH -> MESSAGE_CREATE (1317 bytes) [@@@_198_@@@]
04:52:47 [32mINFO [0m [90mdiscord-refcount.c:234:[0m [DISCORD_REFCOUNT] Adding concord's internal resource 0xa000edac0
04:52:47 [32mINFO [0m [90mdiscord-refcount.c:169:[0m [DISCORD_REFCOUNT] Fully decremented and free'd 0xa000edac0
04:52:58 [94mTRACE[0m [90mdiscord-gateway.c:476:[0m [DISCORD_GATEWAY] [93mRCV[0m DISCORD_GATEWAY_DISPATCH -> MESSAGE_UPDATE (1214 bytes) [@@@_199_@@@]
04:53:13 [94mTRACE[0m [90mdiscord-gateway.c:476:[0m [DISCORD_GATEWAY] [93mRCV[0m DISCORD_GATEWAY_DISPATCH -> MESSAGE_CREATE (993 bytes) [@@@_200_@@@]
04:53:13 [32mINFO [0m [90mdiscord-refcount.c:234:[0m [DISCORD_REFCOUNT] Adding concord's internal resource 0xa000edac0
04:53:13 [32mINFO [0m [90mdiscord-refcount.c:169:[0m [DISCORD_REFCOUNT] Fully decremented and free'd 0xa000edac0
04:53:13 [94mTRACE[0m [90mdiscord-gateway.c:476:[0m [DISCORD_GATEWAY] [93mRCV[0m DISCORD_GATEWAY_DISPATCH -> MESSAGE_CREATE (1347 bytes) [@@@_201_@@@]
04:53:13 [32mINFO [0m [90mdiscord-refcount.c:234:[0m [DISCORD_REFCOUNT] Adding concord's internal resource 0xa000edac0
04:53:13 [32mINFO [0m [90mdiscord-refcount.c:169:[0m [DISCORD_REFCOUNT] Fully decremented and free'd 0xa000edac0
04:53:16 [94mTRACE[0m [90mdiscord-gateway.c:476:[0m [DISCORD_GATEWAY] [93mRCV[0m DISCORD_GATEWAY_DISPATCH -> MESSAGE_CREATE (964 bytes) [@@@_202_@@@]
04:53:16 [32mINFO [0m [90mdiscord-refcount.c:234:[0m [DISCORD_REFCOUNT] Adding concord's internal resource 0xa000edac0
04:53:16 [32mINFO [0m [90mdiscord-refcount.c:169:[0m [DISCORD_REFCOUNT] Fully decremented and free'd 0xa000edac0
04:53:16 [94mTRACE[0m [90mdiscord-gateway.c:476:[0m [DISCORD_GATEWAY] [93mRCV[0m DISCORD_GATEWAY_DISPATCH -> MESSAGE_CREATE (1317 bytes) [@@@_203_@@@]
04:53:16 [32mINFO [0m [90mdiscord-refcount.c:234:[0m [DISCORD_REFCOUNT] Adding concord's internal resource 0xa000edac0
04:53:16 [32mINFO [0m [90mdiscord-refcount.c:169:[0m [DISCORD_REFCOUNT] Fully decremented and free'd 0xa000edac0
04:53:25 [32mINFO [0m [90mdiscord-gateway_dispatch.c:269:[0m [DISCORD_GATEWAY] [92mSEND[0m HEARTBEAT (16 bytes) [@@@_204_@@@]
04:53:25 [94mTRACE[0m [90mdiscord-gateway.c:476:[0m [DISCORD_GATEWAY] [93mRCV[0m DISCORD_GATEWAY_HEARTBEAT_ACK (36 bytes) [@@@_205_@@@]
04:53:25 [94mTRACE[0m [90mdiscord-gateway.c:324:[0m [DISCORD_GATEWAY] PING: 288 ms
04:53:28 [94mTRACE[0m [90mdiscord-gateway.c:476:[0m [DISCORD_GATEWAY] [93mRCV[0m DISCORD_GATEWAY_DISPATCH -> MESSAGE_UPDATE (1214 bytes) [@@@_206_@@@]
04:53:58 [94mTRACE[0m [90mdiscord-gateway.c:476:[0m [DISCORD_GATEWAY] [93mRCV[0m DISCORD_GATEWAY_DISPATCH -> MESSAGE_UPDATE (1214 bytes) [@@@_207_@@@]
04:54:06 [32mINFO [0m [90mdiscord-gateway_dispatch.c:269:[0m [DISCORD_GATEWAY] [92mSEND[0m HEARTBEAT (16 bytes) [@@@_208_@@@]
04:54:07 [94mTRACE[0m [90mdiscord-gateway.c:476:[0m [DISCORD_GATEWAY] [93mRCV[0m DISCORD_GATEWAY_HEARTBEAT_ACK (36 bytes) [@@@_209_@@@]
04:54:07 [94mTRACE[0m [90mdiscord-gateway.c:324:[0m [DISCORD_GATEWAY] PING: 176 ms
04:54:09 [94mTRACE[0m [90mdiscord-gateway.c:476:[0m [DISCORD_GATEWAY] [93mRCV[0m DISCORD_GATEWAY_DISPATCH -> MESSAGE_CREATE (964 bytes) [@@@_210_@@@]
04:54:09 [32mINFO [0m [90mdiscord-refcount.c:234:[0m [DISCORD_REFCOUNT] Adding concord's internal resource 0xa000edac0
04:54:09 [32mINFO [0m [90mdiscord-refcount.c:169:[0m [DISCORD_REFCOUNT] Fully decremented and free'd 0xa000edac0
04:54:09 [94mTRACE[0m [90mdiscord-gateway.c:476:[0m [DISCORD_GATEWAY] [93mRCV[0m DISCORD_GATEWAY_DISPATCH -> MESSAGE_CREATE (1317 bytes) [@@@_211_@@@]
04:54:09 [32mINFO [0m [90mdiscord-refcount.c:234:[0m [DISCORD_REFCOUNT] Adding concord's internal resource 0xa000edac0
04:54:09 [32mINFO [0m [90mdiscord-refcount.c:169:[0m [DISCORD_REFCOUNT] Fully decremented and free'd 0xa000edac0
04:54:27 [94mTRACE[0m [90mdiscord-gateway.c:476:[0m [DISCORD_GATEWAY] [93mRCV[0m DISCORD_GATEWAY_DISPATCH -> MESSAGE_UPDATE (1214 bytes) [@@@_212_@@@]
04:54:48 [32mINFO [0m [90mdiscord-gateway_dispatch.c:269:[0m [DISCORD_GATEWAY] [92mSEND[0m HEARTBEAT (16 bytes) [@@@_213_@@@]
04:54:48 [94mTRACE[0m [90mdiscord-gateway.c:476:[0m [DISCORD_GATEWAY] [93mRCV[0m DISCORD_GATEWAY_HEARTBEAT_ACK (36 bytes) [@@@_214_@@@]
04:54:48 [94mTRACE[0m [90mdiscord-gateway.c:324:[0m [DISCORD_GATEWAY] PING: 191 ms
04:54:58 [94mTRACE[0m [90mdiscord-gateway.c:476:[0m [DISCORD_GATEWAY] [93mRCV[0m DISCORD_GATEWAY_DISPATCH -> MESSAGE_UPDATE (1214 bytes) [@@@_215_@@@]
04:55:28 [94mTRACE[0m [90mdiscord-gateway.c:476:[0m [DISCORD_GATEWAY] [93mRCV[0m DISCORD_GATEWAY_DISPATCH -> MESSAGE_UPDATE (1214 bytes) [@@@_216_@@@]
04:55:29 [32mINFO [0m [90mdiscord-gateway_dispatch.c:269:[0m [DISCORD_GATEWAY] [92mSEND[0m HEARTBEAT (16 bytes) [@@@_217_@@@]
04:55:29 [94mTRACE[0m [90mdiscord-gateway.c:476:[0m [DISCORD_GATEWAY] [93mRCV[0m DISCORD_GATEWAY_HEARTBEAT_ACK (36 bytes) [@@@_218_@@@]
04:55:29 [94mTRACE[0m [90mdiscord-gateway.c:324:[0m [DISCORD_GATEWAY] PING: 204 ms
04:55:57 [94mTRACE[0m [90mdiscord-gateway.c:476:[0m [DISCORD_GATEWAY] [93mRCV[0m DISCORD_GATEWAY_DISPATCH -> MESSAGE_UPDATE (1214 bytes) [@@@_219_@@@]
04:56:10 [32mINFO [0m [90mdiscord-gateway_dispatch.c:269:[0m [DISCORD_GATEWAY] [92mSEND[0m HEARTBEAT (16 bytes) [@@@_220_@@@]
04:56:10 [94mTRACE[0m [90mdiscord-gateway.c:476:[0m [DISCORD_GATEWAY] [93mRCV[0m DISCORD_GATEWAY_HEARTBEAT_ACK (36 bytes) [@@@_221_@@@]
04:56:10 [94mTRACE[0m [90mdiscord-gateway.c:324:[0m [DISCORD_GATEWAY] PING: 183 ms
04:56:27 [94mTRACE[0m [90mdiscord-gateway.c:476:[0m [DISCORD_GATEWAY] [93mRCV[0m DISCORD_GATEWAY_DISPATCH -> MESSAGE_UPDATE (1214 bytes) [@@@_222_@@@]
04:56:51 [32mINFO [0m [90mdiscord-gateway_dispatch.c:269:[0m [DISCORD_GATEWAY] [92mSEND[0m HEARTBEAT (16 bytes) [@@@_223_@@@]
04:56:52 [94mTRACE[0m [90mdiscord-gateway.c:476:[0m [DISCORD_GATEWAY] [93mRCV[0m DISCORD_GATEWAY_HEARTBEAT_ACK (36 bytes) [@@@_224_@@@]
04:56:52 [94mTRACE[0m [90mdiscord-gateway.c:324:[0m [DISCORD_GATEWAY] PING: 184 ms
04:56:58 [94mTRACE[0m [90mdiscord-gateway.c:476:[0m [DISCORD_GATEWAY] [93mRCV[0m DISCORD_GATEWAY_DISPATCH -> MESSAGE_UPDATE (1214 bytes) [@@@_225_@@@]
04:57:27 [94mTRACE[0m [90mdiscord-gateway.c:476:[0m [DISCORD_GATEWAY] [93mRCV[0m DISCORD_GATEWAY_DISPATCH -> MESSAGE_UPDATE (1214 bytes) [@@@_226_@@@]
04:57:33 [32mINFO [0m [90mdiscord-gateway_dispatch.c:269:[0m [DISCORD_GATEWAY] [92mSEND[0m HEARTBEAT (16 bytes) [@@@_227_@@@]
04:57:33 [94mTRACE[0m [90mdiscord-gateway.c:476:[0m [DISCORD_GATEWAY] [93mRCV[0m DISCORD_GATEWAY_HEARTBEAT_ACK (36 bytes) [@@@_228_@@@]
04:57:33 [94mTRACE[0m [90mdiscord-gateway.c:324:[0m [DISCORD_GATEWAY] PING: 231 ms
04:57:58 [94mTRACE[0m [90mdiscord-gateway.c:476:[0m [DISCORD_GATEWAY] [93mRCV[0m DISCORD_GATEWAY_DISPATCH -> MESSAGE_UPDATE (1214 bytes) [@@@_229_@@@]
04:58:14 [32mINFO [0m [90mdiscord-gateway_dispatch.c:269:[0m [DISCORD_GATEWAY] [92mSEND[0m HEARTBEAT (16 bytes) [@@@_230_@@@]
04:58:14 [94mTRACE[0m [90mdiscord-gateway.c:476:[0m [DISCORD_GATEWAY] [93mRCV[0m DISCORD_GATEWAY_HEARTBEAT_ACK (36 bytes) [@@@_231_@@@]
04:58:14 [94mTRACE[0m [90mdiscord-gateway.c:324:[0m [DISCORD_GATEWAY] PING: 237 ms
04:58:27 [94mTRACE[0m [90mdiscord-gateway.c:476:[0m [DISCORD_GATEWAY] [93mRCV[0m DISCORD_GATEWAY_DISPATCH -> MESSAGE_UPDATE (1214 bytes) [@@@_232_@@@]
04:58:55 [32mINFO [0m [90mdiscord-gateway_dispatch.c:269:[0m [DISCORD_GATEWAY] [92mSEND[0m HEARTBEAT (16 bytes) [@@@_233_@@@]
04:58:55 [94mTRACE[0m [90mdiscord-gateway.c:476:[0m [DISCORD_GATEWAY] [93mRCV[0m DISCORD_GATEWAY_HEARTBEAT_ACK (36 bytes) [@@@_234_@@@]
04:58:55 [94mTRACE[0m [90mdiscord-gateway.c:324:[0m [DISCORD_GATEWAY] PING: 245 ms
04:58:57 [94mTRACE[0m [90mdiscord-gateway.c:476:[0m [DISCORD_GATEWAY] [93mRCV[0m DISCORD_GATEWAY_DISPATCH -> MESSAGE_UPDATE (1214 bytes) [@@@_235_@@@]
04:59:27 [94mTRACE[0m [90mdiscord-gateway.c:476:[0m [DISCORD_GATEWAY] [93mRCV[0m DISCORD_GATEWAY_DISPATCH -> MESSAGE_UPDATE (1214 bytes) [@@@_236_@@@]
04:59:37 [32mINFO [0m [90mdiscord-gateway_dispatch.c:269:[0m [DISCORD_GATEWAY] [92mSEND[0m HEARTBEAT (16 bytes) [@@@_237_@@@]
04:59:37 [94mTRACE[0m [90mdiscord-gateway.c:476:[0m [DISCORD_GATEWAY] [93mRCV[0m DISCORD_GATEWAY_HEARTBEAT_ACK (36 bytes) [@@@_238_@@@]
04:59:37 [94mTRACE[0m [90mdiscord-gateway.c:324:[0m [DISCORD_GATEWAY] PING: 174 ms
04:59:57 [94mTRACE[0m [90mdiscord-gateway.c:476:[0m [DISCORD_GATEWAY] [93mRCV[0m DISCORD_GATEWAY_DISPATCH -> MESSAGE_UPDATE (1214 bytes) [@@@_239_@@@]
05:00:06 [94mTRACE[0m [90mdiscord-gateway.c:476:[0m [DISCORD_GATEWAY] [93mRCV[0m DISCORD_GATEWAY_DISPATCH -> MESSAGE_CREATE (958 bytes) [@@@_240_@@@]
05:00:06 [32mINFO [0m [90mdiscord-refcount.c:234:[0m [DISCORD_REFCOUNT] Adding concord's internal resource 0xa000edac0
05:00:06 [32mINFO [0m [90mdiscord-refcount.c:169:[0m [DISCORD_REFCOUNT] Fully decremented and free'd 0xa000edac0
05:00:13 [94mTRACE[0m [90mdiscord-gateway.c:476:[0m [DISCORD_GATEWAY] [93mRCV[0m DISCORD_GATEWAY_DISPATCH -> MESSAGE_CREATE (1002 bytes) [@@@_241_@@@]
05:00:13 [32mINFO [0m [90mdiscord-refcount.c:234:[0m [DISCORD_REFCOUNT] Adding concord's internal resource 0xa000edac0
05:00:13 [32mINFO [0m [90mdiscord-refcount.c:169:[0m [DISCORD_REFCOUNT] Fully decremented and free'd 0xa000edac0
05:00:18 [32mINFO [0m [90mdiscord-gateway_dispatch.c:269:[0m [DISCORD_GATEWAY] [92mSEND[0m HEARTBEAT (16 bytes) [@@@_242_@@@]
05:00:18 [94mTRACE[0m [90mdiscord-gateway.c:476:[0m [DISCORD_GATEWAY] [93mRCV[0m DISCORD_GATEWAY_HEARTBEAT_ACK (36 bytes) [@@@_243_@@@]
05:00:18 [94mTRACE[0m [90mdiscord-gateway.c:324:[0m [DISCORD_GATEWAY] PING: 261 ms
05:00:22 [94mTRACE[0m [90mdiscord-gateway.c:476:[0m [DISCORD_GATEWAY] [93mRCV[0m DISCORD_GATEWAY_DISPATCH -> MESSAGE_CREATE (1014 bytes) [@@@_244_@@@]
05:00:22 [32mINFO [0m [90mdiscord-refcount.c:234:[0m [DISCORD_REFCOUNT] Adding concord's internal resource 0xa000edac0
05:00:22 [32mINFO [0m [90mdiscord-refcount.c:169:[0m [DISCORD_REFCOUNT] Fully decremented and free'd 0xa000edac0
05:00:27 [94mTRACE[0m [90mdiscord-gateway.c:476:[0m [DISCORD_GATEWAY] [93mRCV[0m DISCORD_GATEWAY_DISPATCH -> MESSAGE_UPDATE (1214 bytes) [@@@_245_@@@]
05:00:57 [94mTRACE[0m [90mdiscord-gateway.c:476:[0m [DISCORD_GATEWAY] [93mRCV[0m DISCORD_GATEWAY_DISPATCH -> MESSAGE_UPDATE (1214 bytes) [@@@_246_@@@]
05:00:59 [32mINFO [0m [90mdiscord-gateway_dispatch.c:269:[0m [DISCORD_GATEWAY] [92mSEND[0m HEARTBEAT (16 bytes) [@@@_247_@@@]
05:00:59 [94mTRACE[0m [90mdiscord-gateway.c:476:[0m [DISCORD_GATEWAY] [93mRCV[0m DISCORD_GATEWAY_HEARTBEAT_ACK (36 bytes) [@@@_248_@@@]
05:00:59 [94mTRACE[0m [90mdiscord-gateway.c:324:[0m [DISCORD_GATEWAY] PING: 262 ms
05:01:27 [94mTRACE[0m [90mdiscord-gateway.c:476:[0m [DISCORD_GATEWAY] [93mRCV[0m DISCORD_GATEWAY_DISPATCH -> MESSAGE_UPDATE (1214 bytes) [@@@_249_@@@]
05:01:40 [32mINFO [0m [90mdiscord-gateway_dispatch.c:269:[0m [DISCORD_GATEWAY] [92mSEND[0m HEARTBEAT (16 bytes) [@@@_250_@@@]
05:01:40 [94mTRACE[0m [90mdiscord-gateway.c:476:[0m [DISCORD_GATEWAY] [93mRCV[0m DISCORD_GATEWAY_HEARTBEAT_ACK (36 bytes) [@@@_251_@@@]
05:01:40 [94mTRACE[0m [90mdiscord-gateway.c:324:[0m [DISCORD_GATEWAY] PING: 174 ms
05:01:57 [94mTRACE[0m [90mdiscord-gateway.c:476:[0m [DISCORD_GATEWAY] [93mRCV[0m DISCORD_GATEWAY_DISPATCH -> MESSAGE_UPDATE (1214 bytes) [@@@_252_@@@]
05:02:22 [32mINFO [0m [90mdiscord-gateway_dispatch.c:269:[0m [DISCORD_GATEWAY] [92mSEND[0m HEARTBEAT (16 bytes) [@@@_253_@@@]
05:02:22 [94mTRACE[0m [90mdiscord-gateway.c:476:[0m [DISCORD_GATEWAY] [93mRCV[0m DISCORD_GATEWAY_HEARTBEAT_ACK (36 bytes) [@@@_254_@@@]
05:02:22 [94mTRACE[0m [90mdiscord-gateway.c:324:[0m [DISCORD_GATEWAY] PING: 183 ms
05:02:27 [94mTRACE[0m [90mdiscord-gateway.c:476:[0m [DISCORD_GATEWAY] [93mRCV[0m DISCORD_GATEWAY_DISPATCH -> MESSAGE_UPDATE (1214 bytes) [@@@_255_@@@]
05:02:58 [94mTRACE[0m [90mdiscord-gateway.c:476:[0m [DISCORD_GATEWAY] [93mRCV[0m DISCORD_GATEWAY_DISPATCH -> MESSAGE_UPDATE (1214 bytes) [@@@_256_@@@]
05:03:03 [32mINFO [0m [90mdiscord-gateway_dispatch.c:269:[0m [DISCORD_GATEWAY] [92mSEND[0m HEARTBEAT (16 bytes) [@@@_257_@@@]
05:03:03 [94mTRACE[0m [90mdiscord-gateway.c:476:[0m [DISCORD_GATEWAY] [93mRCV[0m DISCORD_GATEWAY_HEARTBEAT_ACK (36 bytes) [@@@_258_@@@]
05:03:03 [94mTRACE[0m [90mdiscord-gateway.c:324:[0m [DISCORD_GATEWAY] PING: 281 ms
05:03:27 [94mTRACE[0m [90mdiscord-gateway.c:476:[0m [DISCORD_GATEWAY] [93mRCV[0m DISCORD_GATEWAY_DISPATCH -> MESSAGE_UPDATE (1214 bytes) [@@@_259_@@@]
05:03:44 [32mINFO [0m [90mdiscord-gateway_dispatch.c:269:[0m [DISCORD_GATEWAY] [92mSEND[0m HEARTBEAT (16 bytes) [@@@_260_@@@]
05:03:44 [94mTRACE[0m [90mdiscord-gateway.c:476:[0m [DISCORD_GATEWAY] [93mRCV[0m DISCORD_GATEWAY_HEARTBEAT_ACK (36 bytes) [@@@_261_@@@]
05:03:44 [94mTRACE[0m [90mdiscord-gateway.c:324:[0m [DISCORD_GATEWAY] PING: 288 ms
05:03:58 [94mTRACE[0m [90mdiscord-gateway.c:476:[0m [DISCORD_GATEWAY] [93mRCV[0m DISCORD_GATEWAY_DISPATCH -> MESSAGE_UPDATE (1214 bytes) [@@@_262_@@@]
05:04:25 [32mINFO [0m [90mdiscord-gateway_dispatch.c:269:[0m [DISCORD_GATEWAY] [92mSEND[0m HEARTBEAT (16 bytes) [@@@_263_@@@]
05:04:26 [94mTRACE[0m [90mdiscord-gateway.c:476:[0m [DISCORD_GATEWAY] [93mRCV[0m DISCORD_GATEWAY_HEARTBEAT_ACK (36 bytes) [@@@_264_@@@]
05:04:26 [94mTRACE[0m [90mdiscord-gateway.c:324:[0m [DISCORD_GATEWAY] PING: 201 ms
05:04:27 [94mTRACE[0m [90mdiscord-gateway.c:476:[0m [DISCORD_GATEWAY] [93mRCV[0m DISCORD_GATEWAY_DISPATCH -> MESSAGE_UPDATE (1214 bytes) [@@@_265_@@@]
05:04:57 [94mTRACE[0m [90mdiscord-gateway.c:476:[0m [DISCORD_GATEWAY] [93mRCV[0m DISCORD_GATEWAY_DISPATCH -> MESSAGE_UPDATE (1214 bytes) [@@@_266_@@@]
05:05:07 [32mINFO [0m [90mdiscord-gateway_dispatch.c:269:[0m [DISCORD_GATEWAY] [92mSEND[0m HEARTBEAT (16 bytes) [@@@_267_@@@]
05:05:07 [94mTRACE[0m [90mdiscord-gateway.c:476:[0m [DISCORD_GATEWAY] [93mRCV[0m DISCORD_GATEWAY_HEARTBEAT_ACK (36 bytes) [@@@_268_@@@]
05:05:07 [94mTRACE[0m [90mdiscord-gateway.c:324:[0m [DISCORD_GATEWAY] PING: 210 ms
05:05:27 [94mTRACE[0m [90mdiscord-gateway.c:476:[0m [DISCORD_GATEWAY] [93mRCV[0m DISCORD_GATEWAY_DISPATCH -> MESSAGE_UPDATE (1214 bytes) [@@@_269_@@@]
05:05:48 [32mINFO [0m [90mdiscord-gateway_dispatch.c:269:[0m [DISCORD_GATEWAY] [92mSEND[0m HEARTBEAT (16 bytes) [@@@_270_@@@]
05:05:48 [94mTRACE[0m [90mdiscord-gateway.c:476:[0m [DISCORD_GATEWAY] [93mRCV[0m DISCORD_GATEWAY_HEARTBEAT_ACK (36 bytes) [@@@_271_@@@]
05:05:48 [94mTRACE[0m [90mdiscord-gateway.c:324:[0m [DISCORD_GATEWAY] PING: 220 ms
05:05:57 [94mTRACE[0m [90mdiscord-gateway.c:476:[0m [DISCORD_GATEWAY] [93mRCV[0m DISCORD_GATEWAY_DISPATCH -> MESSAGE_UPDATE (1214 bytes) [@@@_272_@@@]
05:06:27 [94mTRACE[0m [90mdiscord-gateway.c:476:[0m [DISCORD_GATEWAY] [93mRCV[0m DISCORD_GATEWAY_DISPATCH -> MESSAGE_UPDATE (1214 bytes) [@@@_273_@@@]
05:06:29 [32mINFO [0m [90mdiscord-gateway_dispatch.c:269:[0m [DISCORD_GATEWAY] [92mSEND[0m HEARTBEAT (16 bytes) [@@@_274_@@@]
05:06:29 [94mTRACE[0m [90mdiscord-gateway.c:476:[0m [DISCORD_GATEWAY] [93mRCV[0m DISCORD_GATEWAY_HEARTBEAT_ACK (36 bytes) [@@@_275_@@@]
05:06:29 [94mTRACE[0m [90mdiscord-gateway.c:324:[0m [DISCORD_GATEWAY] PING: 234 ms
05:06:58 [94mTRACE[0m [90mdiscord-gateway.c:476:[0m [DISCORD_GATEWAY] [93mRCV[0m DISCORD_GATEWAY_DISPATCH -> MESSAGE_UPDATE (1214 bytes) [@@@_276_@@@]
05:07:10 [32mINFO [0m [90mdiscord-gateway_dispatch.c:269:[0m [DISCORD_GATEWAY] [92mSEND[0m HEARTBEAT (16 bytes) [@@@_277_@@@]
05:07:11 [94mTRACE[0m [90mdiscord-gateway.c:476:[0m [DISCORD_GATEWAY] [93mRCV[0m DISCORD_GATEWAY_HEARTBEAT_ACK (36 bytes) [@@@_278_@@@]
05:07:11 [94mTRACE[0m [90mdiscord-gateway.c:324:[0m [DISCORD_GATEWAY] PING: 248 ms
05:07:28 [94mTRACE[0m [90mdiscord-gateway.c:476:[0m [DISCORD_GATEWAY] [93mRCV[0m DISCORD_GATEWAY_DISPATCH -> MESSAGE_UPDATE (1214 bytes) [@@@_279_@@@]
05:07:52 [32mINFO [0m [90mdiscord-gateway_dispatch.c:269:[0m [DISCORD_GATEWAY] [92mSEND[0m HEARTBEAT (16 bytes) [@@@_280_@@@]
05:07:52 [94mTRACE[0m [90mdiscord-gateway.c:476:[0m [DISCORD_GATEWAY] [93mRCV[0m DISCORD_GATEWAY_HEARTBEAT_ACK (36 bytes) [@@@_281_@@@]
05:07:52 [94mTRACE[0m [90mdiscord-gateway.c:324:[0m [DISCORD_GATEWAY] PING: 252 ms
05:07:57 [94mTRACE[0m [90mdiscord-gateway.c:476:[0m [DISCORD_GATEWAY] [93mRCV[0m DISCORD_GATEWAY_DISPATCH -> MESSAGE_UPDATE (1214 bytes) [@@@_282_@@@]
05:08:27 [94mTRACE[0m [90mdiscord-gateway.c:476:[0m [DISCORD_GATEWAY] [93mRCV[0m DISCORD_GATEWAY_DISPATCH -> MESSAGE_UPDATE (1214 bytes) [@@@_283_@@@]
05:08:33 [32mINFO [0m [90mdiscord-gateway_dispatch.c:269:[0m [DISCORD_GATEWAY] [92mSEND[0m HEARTBEAT (16 bytes) [@@@_284_@@@]
05:08:33 [94mTRACE[0m [90mdiscord-gateway.c:476:[0m [DISCORD_GATEWAY] [93mRCV[0m DISCORD_GATEWAY_HEARTBEAT_ACK (36 bytes) [@@@_285_@@@]
05:08:33 [94mTRACE[0m [90mdiscord-gateway.c:324:[0m [DISCORD_GATEWAY] PING: 254 ms
05:08:57 [94mTRACE[0m [90mdiscord-gateway.c:476:[0m [DISCORD_GATEWAY] [93mRCV[0m DISCORD_GATEWAY_DISPATCH -> MESSAGE_UPDATE (1214 bytes) [@@@_286_@@@]
05:09:14 [32mINFO [0m [90mdiscord-gateway_dispatch.c:269:[0m [DISCORD_GATEWAY] [92mSEND[0m HEARTBEAT (16 bytes) [@@@_287_@@@]
05:09:14 [94mTRACE[0m [90mdiscord-gateway.c:476:[0m [DISCORD_GATEWAY] [93mRCV[0m DISCORD_GATEWAY_HEARTBEAT_ACK (36 bytes) [@@@_288_@@@]
05:09:14 [94mTRACE[0m [90mdiscord-gateway.c:324:[0m [DISCORD_GATEWAY] PING: 269 ms
05:09:27 [94mTRACE[0m [90mdiscord-gateway.c:476:[0m [DISCORD_GATEWAY] [93mRCV[0m DISCORD_GATEWAY_DISPATCH -> MESSAGE_UPDATE (1214 bytes) [@@@_289_@@@]
05:09:55 [32mINFO [0m [90mdiscord-gateway_dispatch.c:269:[0m [DISCORD_GATEWAY] [92mSEND[0m HEARTBEAT (16 bytes) [@@@_290_@@@]
05:09:56 [94mTRACE[0m [90mdiscord-gateway.c:476:[0m [DISCORD_GATEWAY] [93mRCV[0m DISCORD_GATEWAY_HEARTBEAT_ACK (36 bytes) [@@@_291_@@@]
05:09:56 [94mTRACE[0m [90mdiscord-gateway.c:324:[0m [DISCORD_GATEWAY] PING: 272 ms
05:09:57 [94mTRACE[0m [90mdiscord-gateway.c:476:[0m [DISCORD_GATEWAY] [93mRCV[0m DISCORD_GATEWAY_DISPATCH -> MESSAGE_UPDATE (1214 bytes) [@@@_292_@@@]
05:10:28 [94mTRACE[0m [90mdiscord-gateway.c:476:[0m [DISCORD_GATEWAY] [93mRCV[0m DISCORD_GATEWAY_DISPATCH -> MESSAGE_UPDATE (1214 bytes) [@@@_293_@@@]
05:10:37 [32mINFO [0m [90mdiscord-gateway_dispatch.c:269:[0m [DISCORD_GATEWAY] [92mSEND[0m HEARTBEAT (16 bytes) [@@@_294_@@@]
05:10:37 [94mTRACE[0m [90mdiscord-gateway.c:476:[0m [DISCORD_GATEWAY] [93mRCV[0m DISCORD_GATEWAY_HEARTBEAT_ACK (36 bytes) [@@@_295_@@@]
05:10:37 [94mTRACE[0m [90mdiscord-gateway.c:324:[0m [DISCORD_GATEWAY] PING: 188 ms
05:10:58 [94mTRACE[0m [90mdiscord-gateway.c:476:[0m [DISCORD_GATEWAY] [93mRCV[0m DISCORD_GATEWAY_DISPATCH -> MESSAGE_UPDATE (1214 bytes) [@@@_296_@@@]
05:11:18 [32mINFO [0m [90mdiscord-gateway_dispatch.c:269:[0m [DISCORD_GATEWAY] [92mSEND[0m HEARTBEAT (16 bytes) [@@@_297_@@@]
05:11:18 [94mTRACE[0m [90mdiscord-gateway.c:476:[0m [DISCORD_GATEWAY] [93mRCV[0m DISCORD_GATEWAY_HEARTBEAT_ACK (36 bytes) [@@@_298_@@@]
05:11:18 [94mTRACE[0m [90mdiscord-gateway.c:324:[0m [DISCORD_GATEWAY] PING: 197 ms
05:11:27 [94mTRACE[0m [90mdiscord-gateway.c:476:[0m [DISCORD_GATEWAY] [93mRCV[0m DISCORD_GATEWAY_DISPATCH -> MESSAGE_UPDATE (1214 bytes) [@@@_299_@@@]
05:11:46 [94mTRACE[0m [90mdiscord-gateway.c:476:[0m [DISCORD_GATEWAY] [93mRCV[0m DISCORD_GATEWAY_DISPATCH -> MESSAGE_CREATE (985 bytes) [@@@_300_@@@]
05:11:46 [32mINFO [0m [90mdiscord-refcount.c:234:[0m [DISCORD_REFCOUNT] Adding concord's internal resource 0xa000edac0
05:11:46 [32mINFO [0m [90mdiscord-refcount.c:169:[0m [DISCORD_REFCOUNT] Fully decremented and free'd 0xa000edac0
05:11:57 [94mTRACE[0m [90mdiscord-gateway.c:476:[0m [DISCORD_GATEWAY] [93mRCV[0m DISCORD_GATEWAY_DISPATCH -> MESSAGE_UPDATE (1214 bytes) [@@@_301_@@@]
05:11:59 [32mINFO [0m [90mdiscord-gateway_dispatch.c:269:[0m [DISCORD_GATEWAY] [92mSEND[0m HEARTBEAT (16 bytes) [@@@_302_@@@]
05:11:59 [94mTRACE[0m [90mdiscord-gateway.c:476:[0m [DISCORD_GATEWAY] [93mRCV[0m DISCORD_GATEWAY_HEARTBEAT_ACK (36 bytes) [@@@_303_@@@]
05:11:59 [94mTRACE[0m [90mdiscord-gateway.c:324:[0m [DISCORD_GATEWAY] PING: 206 ms
05:12:27 [94mTRACE[0m [90mdiscord-gateway.c:476:[0m [DISCORD_GATEWAY] [93mRCV[0m DISCORD_GATEWAY_DISPATCH -> MESSAGE_UPDATE (1214 bytes) [@@@_304_@@@]
05:12:40 [32mINFO [0m [90mdiscord-gateway_dispatch.c:269:[0m [DISCORD_GATEWAY] [92mSEND[0m HEARTBEAT (16 bytes) [@@@_305_@@@]
05:12:41 [94mTRACE[0m [90mdiscord-gateway.c:476:[0m [DISCORD_GATEWAY] [93mRCV[0m DISCORD_GATEWAY_HEARTBEAT_ACK (36 bytes) [@@@_306_@@@]
05:12:41 [94mTRACE[0m [90mdiscord-gateway.c:324:[0m [DISCORD_GATEWAY] PING: 217 ms
05:12:57 [94mTRACE[0m [90mdiscord-gateway.c:476:[0m [DISCORD_GATEWAY] [93mRCV[0m DISCORD_GATEWAY_DISPATCH -> MESSAGE_UPDATE (1214 bytes) [@@@_307_@@@]
05:13:22 [32mINFO [0m [90mdiscord-gateway_dispatch.c:269:[0m [DISCORD_GATEWAY] [92mSEND[0m HEARTBEAT (16 bytes) [@@@_308_@@@]
05:13:22 [94mTRACE[0m [90mdiscord-gateway.c:476:[0m [DISCORD_GATEWAY] [93mRCV[0m DISCORD_GATEWAY_HEARTBEAT_ACK (36 bytes) [@@@_309_@@@]
05:13:22 [94mTRACE[0m [90mdiscord-gateway.c:324:[0m [DISCORD_GATEWAY] PING: 227 ms
05:13:27 [94mTRACE[0m [90mdiscord-gateway.c:476:[0m [DISCORD_GATEWAY] [93mRCV[0m DISCORD_GATEWAY_DISPATCH -> MESSAGE_UPDATE (1214 bytes) [@@@_310_@@@]
05:13:57 [94mTRACE[0m [90mdiscord-gateway.c:476:[0m [DISCORD_GATEWAY] [93mRCV[0m DISCORD_GATEWAY_DISPATCH -> MESSAGE_UPDATE (1214 bytes) [@@@_311_@@@]
05:14:03 [32mINFO [0m [90mdiscord-gateway_dispatch.c:269:[0m [DISCORD_GATEWAY] [92mSEND[0m HEARTBEAT (16 bytes) [@@@_312_@@@]
05:14:03 [94mTRACE[0m [90mdiscord-gateway.c:476:[0m [DISCORD_GATEWAY] [93mRCV[0m DISCORD_GATEWAY_HEARTBEAT_ACK (36 bytes) [@@@_313_@@@]
05:14:03 [94mTRACE[0m [90mdiscord-gateway.c:324:[0m [DISCORD_GATEWAY] PING: 512 ms
05:14:28 [94mTRACE[0m [90mdiscord-gateway.c:476:[0m [DISCORD_GATEWAY] [93mRCV[0m DISCORD_GATEWAY_DISPATCH -> MESSAGE_UPDATE (1214 bytes) [@@@_314_@@@]
05:14:44 [32mINFO [0m [90mdiscord-gateway_dispatch.c:269:[0m [DISCORD_GATEWAY] [92mSEND[0m HEARTBEAT (16 bytes) [@@@_315_@@@]
05:14:44 [94mTRACE[0m [90mdiscord-gateway.c:476:[0m [DISCORD_GATEWAY] [93mRCV[0m DISCORD_GATEWAY_HEARTBEAT_ACK (36 bytes) [@@@_316_@@@]
05:14:44 [94mTRACE[0m [90mdiscord-gateway.c:324:[0m [DISCORD_GATEWAY] PING: 195 ms
05:14:57 [94mTRACE[0m [90mdiscord-gateway.c:476:[0m [DISCORD_GATEWAY] [93mRCV[0m DISCORD_GATEWAY_DISPATCH -> MESSAGE_UPDATE (1214 bytes) [@@@_317_@@@]
05:15:25 [32mINFO [0m [90mdiscord-gateway_dispatch.c:269:[0m [DISCORD_GATEWAY] [92mSEND[0m HEARTBEAT (16 bytes) [@@@_318_@@@]
05:15:26 [94mTRACE[0m [90mdiscord-gateway.c:476:[0m [DISCORD_GATEWAY] [93mRCV[0m DISCORD_GATEWAY_HEARTBEAT_ACK (36 bytes) [@@@_319_@@@]
05:15:26 [94mTRACE[0m [90mdiscord-gateway.c:324:[0m [DISCORD_GATEWAY] PING: 203 ms
05:15:27 [94mTRACE[0m [90mdiscord-gateway.c:476:[0m [DISCORD_GATEWAY] [93mRCV[0m DISCORD_GATEWAY_DISPATCH -> MESSAGE_UPDATE (1214 bytes) [@@@_320_@@@]
05:15:58 [94mTRACE[0m [90mdiscord-gateway.c:476:[0m [DISCORD_GATEWAY] [93mRCV[0m DISCORD_GATEWAY_DISPATCH -> MESSAGE_UPDATE (1214 bytes) [@@@_321_@@@]
05:16:07 [32mINFO [0m [90mdiscord-gateway_dispatch.c:269:[0m [DISCORD_GATEWAY] [92mSEND[0m HEARTBEAT (16 bytes) [@@@_322_@@@]
05:16:07 [94mTRACE[0m [90mdiscord-gateway.c:476:[0m [DISCORD_GATEWAY] [93mRCV[0m DISCORD_GATEWAY_HEARTBEAT_ACK (36 bytes) [@@@_323_@@@]
05:16:07 [94mTRACE[0m [90mdiscord-gateway.c:324:[0m [DISCORD_GATEWAY] PING: 263 ms
05:16:27 [94mTRACE[0m [90mdiscord-gateway.c:476:[0m [DISCORD_GATEWAY] [93mRCV[0m DISCORD_GATEWAY_DISPATCH -> MESSAGE_UPDATE (1214 bytes) [@@@_324_@@@]
05:16:48 [32mINFO [0m [90mdiscord-gateway_dispatch.c:269:[0m [DISCORD_GATEWAY] [92mSEND[0m HEARTBEAT (16 bytes) [@@@_325_@@@]
05:16:48 [94mTRACE[0m [90mdiscord-gateway.c:476:[0m [DISCORD_GATEWAY] [93mRCV[0m DISCORD_GATEWAY_HEARTBEAT_ACK (36 bytes) [@@@_326_@@@]
05:16:48 [94mTRACE[0m [90mdiscord-gateway.c:324:[0m [DISCORD_GATEWAY] PING: 194 ms
05:16:59 [94mTRACE[0m [90mdiscord-gateway.c:476:[0m [DISCORD_GATEWAY] [93mRCV[0m DISCORD_GATEWAY_DISPATCH -> MESSAGE_UPDATE (1214 bytes) [@@@_327_@@@]
05:17:28 [94mTRACE[0m [90mdiscord-gateway.c:476:[0m [DISCORD_GATEWAY] [93mRCV[0m DISCORD_GATEWAY_DISPATCH -> MESSAGE_UPDATE (1214 bytes) [@@@_328_@@@]
05:17:29 [32mINFO [0m [90mdiscord-gateway_dispatch.c:269:[0m [DISCORD_GATEWAY] [92mSEND[0m HEARTBEAT (16 bytes) [@@@_329_@@@]
05:17:29 [94mTRACE[0m [90mdiscord-gateway.c:476:[0m [DISCORD_GATEWAY] [93mRCV[0m DISCORD_GATEWAY_HEARTBEAT_ACK (36 bytes) [@@@_330_@@@]
05:17:29 [94mTRACE[0m [90mdiscord-gateway.c:324:[0m [DISCORD_GATEWAY] PING: 270 ms
05:17:57 [94mTRACE[0m [90mdiscord-gateway.c:476:[0m [DISCORD_GATEWAY] [93mRCV[0m DISCORD_GATEWAY_DISPATCH -> MESSAGE_UPDATE (1214 bytes) [@@@_331_@@@]
05:18:10 [32mINFO [0m [90mdiscord-gateway_dispatch.c:269:[0m [DISCORD_GATEWAY] [92mSEND[0m HEARTBEAT (16 bytes) [@@@_332_@@@]
05:18:11 [94mTRACE[0m [90mdiscord-gateway.c:476:[0m [DISCORD_GATEWAY] [93mRCV[0m DISCORD_GATEWAY_HEARTBEAT_ACK (36 bytes) [@@@_333_@@@]
05:18:11 [94mTRACE[0m [90mdiscord-gateway.c:324:[0m [DISCORD_GATEWAY] PING: 279 ms
05:18:28 [94mTRACE[0m [90mdiscord-gateway.c:476:[0m [DISCORD_GATEWAY] [93mRCV[0m DISCORD_GATEWAY_DISPATCH -> MESSAGE_UPDATE (1214 bytes) [@@@_334_@@@]
05:18:52 [32mINFO [0m [90mdiscord-gateway_dispatch.c:269:[0m [DISCORD_GATEWAY] [92mSEND[0m HEARTBEAT (16 bytes) [@@@_335_@@@]
05:18:52 [94mTRACE[0m [90mdiscord-gateway.c:476:[0m [DISCORD_GATEWAY] [93mRCV[0m DISCORD_GATEWAY_HEARTBEAT_ACK (36 bytes) [@@@_336_@@@]
05:18:52 [94mTRACE[0m [90mdiscord-gateway.c:324:[0m [DISCORD_GATEWAY] PING: 174 ms
05:18:57 [94mTRACE[0m [90mdiscord-gateway.c:476:[0m [DISCORD_GATEWAY] [93mRCV[0m DISCORD_GATEWAY_DISPATCH -> MESSAGE_UPDATE (1214 bytes) [@@@_337_@@@]
05:19:27 [94mTRACE[0m [90mdiscord-gateway.c:476:[0m [DISCORD_GATEWAY] [93mRCV[0m DISCORD_GATEWAY_DISPATCH -> MESSAGE_UPDATE (1214 bytes) [@@@_338_@@@]
05:19:33 [32mINFO [0m [90mdiscord-gateway_dispatch.c:269:[0m [DISCORD_GATEWAY] [92mSEND[0m HEARTBEAT (16 bytes) [@@@_339_@@@]
05:19:33 [94mTRACE[0m [90mdiscord-gateway.c:476:[0m [DISCORD_GATEWAY] [93mRCV[0m DISCORD_GATEWAY_HEARTBEAT_ACK (36 bytes) [@@@_340_@@@]
05:19:33 [94mTRACE[0m [90mdiscord-gateway.c:324:[0m [DISCORD_GATEWAY] PING: 293 ms
